[     112ms] [LOG] [Fast Refresh] rebuilding @ http://localhost:3000/_next/static/chunks/0p_r_next_dist_0eytyef._.js:2477
[     128ms] [LOG] [Fast Refresh] done in 123ms @ http://localhost:3000/_next/static/chunks/0p_r_next_dist_0eytyef._.js:2477
[     202ms] [INFO] %cDownload the React DevTools for a better development experience: https://react.dev/link/react-devtools font-weight:bold @ http://localhost:3000/_next/static/chunks/0p_r_next_dist_0eytyef._.js:2477
[     221ms] [LOG] [HMR] connected @ http://localhost:3000/_next/static/chunks/0p_r_next_dist_0eytyef._.js:2477
[     266ms] [LOG] %c[Vercel Speed Insights]%c Debug mode is enabled by default in development. No requests will be sent to the server. color: rgb(120, 120, 120) color: inherit @ http://localhost:3000/_next/static/chunks/0p_r_next_dist_0eytyef._.js:2477
[     482ms] [WARNING] Image with src "https://cdn.sanity.io/images/41s7iutf/production/1fbc6a91ed51fa9870504faf332f16823953d716-1207x614.png?w=600&q=100&fit=max&auto=format" is using quality "100" which is not configured in images.qualities [75]. Please update your config to [100, 75].
Read more: https://nextjs.org/docs/messages/next-image-unconfigured-qualities @ http://localhost:3000/_next/static/chunks/0p_r_next_dist_0eytyef._.js:2477
[     490ms] [WARNING] Image with src "https://cdn.sanity.io/images/41s7iutf/production/8c03c7d94f2c28bd61d74cd4ce6097966fb7adbb-2212x1011.png?w=600&q=100&fit=max&auto=format" is using quality "100" which is not configured in images.qualities [75]. Please update your config to [100, 75].
Read more: https://nextjs.org/docs/messages/next-image-unconfigured-qualities @ http://localhost:3000/_next/static/chunks/0p_r_next_dist_0eytyef._.js:2477
[     492ms] [WARNING] Image with src "https://cdn.sanity.io/images/41s7iutf/production/7503c85151e79b1c80b530393a2e603351bfb505-2560x1440.png?w=600&q=100&fit=max&auto=format" is using quality "100" which is not configured in images.qualities [75]. Please update your config to [100, 75].
Read more: https://nextjs.org/docs/messages/next-image-unconfigured-qualities @ http://localhost:3000/_next/static/chunks/0p_r_next_dist_0eytyef._.js:2477
[     496ms] [WARNING] Image with src "https://cdn.sanity.io/images/41s7iutf/production/1abc0b6a1787af7881b69cdd77360a33850f6c84-1913x1265.png?w=600&q=100&fit=max&auto=format" is using quality "100" which is not configured in images.qualities [75]. Please update your config to [100, 75].
Read more: https://nextjs.org/docs/messages/next-image-unconfigured-qualities @ http://localhost:3000/_next/static/chunks/0p_r_next_dist_0eytyef._.js:2477
[     499ms] [WARNING] Image with src "https://cdn.sanity.io/images/41s7iutf/production/be03fc804d9cfd1ab03baa8643e7428792ec834f-1783x1120.jpg?w=600&q=100&fit=max&auto=format" is using quality "100" which is not configured in images.qualities [75]. Please update your config to [100, 75].
Read more: https://nextjs.org/docs/messages/next-image-unconfigured-qualities @ http://localhost:3000/_next/static/chunks/0p_r_next_dist_0eytyef._.js:2477
[     502ms] [WARNING] Image with src "https://cdn.sanity.io/images/41s7iutf/production/fc4aea3bc301de92bbae3147035c9d5e442e8252-1740x859.jpg?w=600&q=100&fit=max&auto=format" is using quality "100" which is not configured in images.qualities [75]. Please update your config to [100, 75].
Read more: https://nextjs.org/docs/messages/next-image-unconfigured-qualities @ http://localhost:3000/_next/static/chunks/0p_r_next_dist_0eytyef._.js:2477
[     505ms] [WARNING] Image with src "https://cdn.sanity.io/images/41s7iutf/production/d8444ebd99a9965c9394bbb85682a8bdbbc7dba9-2057x1267.png?w=600&q=100&fit=max&auto=format" is using quality "100" which is not configured in images.qualities [75]. Please update your config to [100, 75].
Read more: https://nextjs.org/docs/messages/next-image-unconfigured-qualities @ http://localhost:3000/_next/static/chunks/0p_r_next_dist_0eytyef._.js:2477
[     966ms] [WARNING] Image with src "https://cdn.sanity.io/images/41s7iutf/production/8c03c7d94f2c28bd61d74cd4ce6097966fb7adbb-2212x1011.png?w=600&q=100&fit=max&auto=format" has either width or height modified, but not the other. If you use CSS to change the size of your image, also include the styles 'width: "auto"' or 'height: "auto"' to maintain the aspect ratio. @ http://localhost:3000/_next/static/chunks/0p_r_next_dist_0eytyef._.js:2477
[     968ms] [WARNING] Image with src "https://cdn.sanity.io/images/41s7iutf/production/1fbc6a91ed51fa9870504faf332f16823953d716-1207x614.png?w=600&q=100&fit=max&auto=format" has either width or height modified, but not the other. If you use CSS to change the size of your image, also include the styles 'width: "auto"' or 'height: "auto"' to maintain the aspect ratio. @ http://localhost:3000/_next/static/chunks/0p_r_next_dist_0eytyef._.js:2477
[     970ms] [WARNING] Image with src "https://cdn.sanity.io/images/41s7iutf/production/1abc0b6a1787af7881b69cdd77360a33850f6c84-1913x1265.png?w=600&q=100&fit=max&auto=format" has either width or height modified, but not the other. If you use CSS to change the size of your image, also include the styles 'width: "auto"' or 'height: "auto"' to maintain the aspect ratio. @ http://localhost:3000/_next/static/chunks/0p_r_next_dist_0eytyef._.js:2477
[     981ms] [WARNING] Image with src "https://cdn.sanity.io/images/41s7iutf/production/7503c85151e79b1c80b530393a2e603351bfb505-2560x1440.png?w=600&q=100&fit=max&auto=format" has either width or height modified, but not the other. If you use CSS to change the size of your image, also include the styles 'width: "auto"' or 'height: "auto"' to maintain the aspect ratio. @ http://localhost:3000/_next/static/chunks/0p_r_next_dist_0eytyef._.js:2477
[    1004ms] [WARNING] Image with src "https://cdn.sanity.io/images/41s7iutf/production/8c03c7d94f2c28bd61d74cd4ce6097966fb7adbb-2212x1011.png?w=600&q=100&fit=max&auto=format" was detected as the Largest Contentful Paint (LCP). Please add the `loading="eager"` property if this image is above the fold.
Read more: https://nextjs.org/docs/app/api-reference/components/image#loading @ http://localhost:3000/_next/static/chunks/0p_r_next_dist_0eytyef._.js:2477
[    1004ms] [WARNING] Image with src "https://cdn.sanity.io/images/41s7iutf/production/1fbc6a91ed51fa9870504faf332f16823953d716-1207x614.png?w=600&q=100&fit=max&auto=format" was detected as the Largest Contentful Paint (LCP). Please add the `loading="eager"` property if this image is above the fold.
Read more: https://nextjs.org/docs/app/api-reference/components/image#loading @ http://localhost:3000/_next/static/chunks/0p_r_next_dist_0eytyef._.js:2477
[    1075ms] [LOG] [Fast Refresh] rebuilding @ http://localhost:3000/_next/static/chunks/0p_r_next_dist_0eytyef._.js:2477
[    1079ms] [LOG] [Fast Refresh] done in 107ms @ http://localhost:3000/_next/static/chunks/0p_r_next_dist_0eytyef._.js:2477
