[     171ms] [INFO] %cDownload the React DevTools for a better development experience: https://react.dev/link/react-devtools font-weight:bold @ http://localhost:3000/_next/static/chunks/0p_r_next_dist_0eytyef._.js:2477
[     190ms] [LOG] [HMR] connected @ http://localhost:3000/_next/static/chunks/0p_r_next_dist_0eytyef._.js:2477
[     246ms] [LOG] %c[Vercel Speed Insights]%c Debug mode is enabled by default in development. No requests will be sent to the server. color: rgb(120, 120, 120) color: inherit @ http://localhost:3000/_next/static/chunks/0p_r_next_dist_0eytyef._.js:2477
[11777497ms] [LOG] [Fast Refresh] rebuilding @ http://localhost:3000/_next/static/chunks/0p_r_next_dist_0eytyef._.js:2477
[11777632ms] [LOG] [Fast Refresh] done in 336ms @ http://localhost:3000/_next/static/chunks/0p_r_next_dist_0eytyef._.js:2477
[11786197ms] [LOG] [Fast Refresh] rebuilding @ http://localhost:3000/_next/static/chunks/0p_r_next_dist_0eytyef._.js:2477
[11786470ms] [LOG] [Fast Refresh] done in 432ms @ http://localhost:3000/_next/static/chunks/0p_r_next_dist_0eytyef._.js:2477
[11787060ms] [LOG] [Fast Refresh] rebuilding @ http://localhost:3000/_next/static/chunks/0p_r_next_dist_0eytyef._.js:2477
[11787325ms] [LOG] [Fast Refresh] done in 431ms @ http://localhost:3000/_next/static/chunks/0p_r_next_dist_0eytyef._.js:2477
[11790514ms] [LOG] [Fast Refresh] rebuilding @ http://localhost:3000/_next/static/chunks/0p_r_next_dist_0eytyef._.js:2477
[11790735ms] [LOG] [Fast Refresh] done in 464ms @ http://localhost:3000/_next/static/chunks/0p_r_next_dist_0eytyef._.js:2477
[11801044ms] [LOG] [Fast Refresh] rebuilding @ http://localhost:3000/_next/static/chunks/0p_r_next_dist_0eytyef._.js:2477
[11801045ms] [LOG] [Fast Refresh] done in 337ms @ http://localhost:3000/_next/static/chunks/0p_r_next_dist_0eytyef._.js:2477
[11801837ms] [LOG] [Fast Refresh] rebuilding @ http://localhost:3000/_next/static/chunks/0p_r_next_dist_0eytyef._.js:2477
[11802307ms] [LOG] [Fast Refresh] done in 1005ms @ http://localhost:3000/_next/static/chunks/0p_r_next_dist_0eytyef._.js:2477
[11803809ms] [LOG] [Fast Refresh] rebuilding @ http://localhost:3000/_next/static/chunks/0p_r_next_dist_0eytyef._.js:2477
[11804034ms] [LOG] [Fast Refresh] done in 409ms @ http://localhost:3000/_next/static/chunks/0p_r_next_dist_0eytyef._.js:2477
[11826459ms] [LOG] [Fast Refresh] rebuilding @ http://localhost:3000/_next/static/chunks/0p_r_next_dist_0eytyef._.js:2477
[11826682ms] [LOG] [Fast Refresh] done in 430ms @ http://localhost:3000/_next/static/chunks/0p_r_next_dist_0eytyef._.js:2477
[11826916ms] [LOG] [Fast Refresh] rebuilding @ http://localhost:3000/_next/static/chunks/0p_r_next_dist_0eytyef._.js:2477
[11827143ms] [LOG] [Fast Refresh] done in 461ms @ http://localhost:3000/_next/static/chunks/0p_r_next_dist_0eytyef._.js:2477
[11830690ms] [LOG] [Fast Refresh] rebuilding @ http://localhost:3000/_next/static/chunks/0p_r_next_dist_0eytyef._.js:2477
[11830926ms] [LOG] [Fast Refresh] done in 477ms @ http://localhost:3000/_next/static/chunks/0p_r_next_dist_0eytyef._.js:2477
[11834221ms] [LOG] [Fast Refresh] rebuilding @ http://localhost:3000/_next/static/chunks/0p_r_next_dist_0eytyef._.js:2477
[11834449ms] [LOG] [Fast Refresh] done in 500ms @ http://localhost:3000/_next/static/chunks/0p_r_next_dist_0eytyef._.js:2477
[11835458ms] [LOG] [Fast Refresh] rebuilding @ http://localhost:3000/_next/static/chunks/0p_r_next_dist_0eytyef._.js:2477
[11835679ms] [LOG] [Fast Refresh] done in 431ms @ http://localhost:3000/_next/static/chunks/0p_r_next_dist_0eytyef._.js:2477
[11841720ms] [LOG] [Fast Refresh] rebuilding @ http://localhost:3000/_next/static/chunks/0p_r_next_dist_0eytyef._.js:2477
[11841940ms] [LOG] [Fast Refresh] done in 477ms @ http://localhost:3000/_next/static/chunks/0p_r_next_dist_0eytyef._.js:2477
[12036957ms] [LOG] [Fast Refresh] rebuilding @ http://localhost:3000/_next/static/chunks/0p_r_next_dist_0eytyef._.js:2477
[12037402ms] [LOG] [Fast Refresh] done in 649ms @ http://localhost:3000/_next/static/chunks/0p_r_next_dist_0eytyef._.js:2477
[12048177ms] [LOG] [Fast Refresh] rebuilding @ http://localhost:3000/_next/static/chunks/0p_r_next_dist_0eytyef._.js:2477
[12048622ms] [LOG] [Fast Refresh] done in 588ms @ http://localhost:3000/_next/static/chunks/0p_r_next_dist_0eytyef._.js:2477
[12060969ms] [LOG] [Fast Refresh] rebuilding @ http://localhost:3000/_next/static/chunks/0p_r_next_dist_0eytyef._.js:2477
[12061290ms] [LOG] [Fast Refresh] done in 493ms @ http://localhost:3000/_next/static/chunks/0p_r_next_dist_0eytyef._.js:2477
[12064051ms] [LOG] [Fast Refresh] rebuilding @ http://localhost:3000/_next/static/chunks/0p_r_next_dist_0eytyef._.js:2477
[12064127ms] [LOG] [Fast Refresh] done in 186ms @ http://localhost:3000/_next/static/chunks/0p_r_next_dist_0eytyef._.js:2477
[12065156ms] [LOG] [Fast Refresh] rebuilding @ http://localhost:3000/_next/static/chunks/0p_r_next_dist_0eytyef._.js:2477
[12065189ms] [LOG] [Fast Refresh] done in 138ms @ http://localhost:3000/_next/static/chunks/0p_r_next_dist_0eytyef._.js:2477
[12066815ms] [LOG] [Fast Refresh] rebuilding @ http://localhost:3000/_next/static/chunks/0p_r_next_dist_0eytyef._.js:2477
[12066863ms] [LOG] [Fast Refresh] done in 152ms @ http://localhost:3000/_next/static/chunks/0p_r_next_dist_0eytyef._.js:2477
[12067934ms] [LOG] [Fast Refresh] rebuilding @ http://localhost:3000/_next/static/chunks/0p_r_next_dist_0eytyef._.js:2477
[12068029ms] [LOG] [Fast Refresh] done in 200ms @ http://localhost:3000/_next/static/chunks/0p_r_next_dist_0eytyef._.js:2477
[12069160ms] [LOG] [Fast Refresh] rebuilding @ http://localhost:3000/_next/static/chunks/0p_r_next_dist_0eytyef._.js:2477
[12069177ms] [LOG] [Fast Refresh] done in 120ms @ http://localhost:3000/_next/static/chunks/0p_r_next_dist_0eytyef._.js:2477
[12072057ms] [LOG] [Fast Refresh] rebuilding @ http://localhost:3000/_next/static/chunks/0p_r_next_dist_0eytyef._.js:2477
[12072067ms] [LOG] [Fast Refresh] done in 122ms @ http://localhost:3000/_next/static/chunks/0p_r_next_dist_0eytyef._.js:2477
[12073673ms] [LOG] [Fast Refresh] rebuilding @ http://localhost:3000/_next/static/chunks/0p_r_next_dist_0eytyef._.js:2477
[12073703ms] [LOG] [Fast Refresh] done in 136ms @ http://localhost:3000/_next/static/chunks/0p_r_next_dist_0eytyef._.js:2477
[12077113ms] [LOG] [Fast Refresh] rebuilding @ http://localhost:3000/_next/static/chunks/0p_r_next_dist_0eytyef._.js:2477
[12077172ms] [LOG] [Fast Refresh] done in 167ms @ http://localhost:3000/_next/static/chunks/0p_r_next_dist_0eytyef._.js:2477
[12077600ms] [LOG] [Fast Refresh] rebuilding @ http://localhost:3000/_next/static/chunks/0p_r_next_dist_0eytyef._.js:2477
[12077600ms] [LOG] [Fast Refresh] done in 345ms @ http://localhost:3000/_next/static/chunks/0p_r_next_dist_0eytyef._.js:2477
[12079187ms] [LOG] [Fast Refresh] rebuilding @ http://localhost:3000/_next/static/chunks/0p_r_next_dist_0eytyef._.js:2477
[12079271ms] [LOG] [Fast Refresh] done in 186ms @ http://localhost:3000/_next/static/chunks/0p_r_next_dist_0eytyef._.js:2477
[12080563ms] [LOG] [Fast Refresh] rebuilding @ http://localhost:3000/_next/static/chunks/0p_r_next_dist_0eytyef._.js:2477
[12080563ms] [LOG] [Fast Refresh] done in 300ms @ http://localhost:3000/_next/static/chunks/0p_r_next_dist_0eytyef._.js:2477
[12081240ms] [LOG] [Fast Refresh] rebuilding @ http://localhost:3000/_next/static/chunks/0p_r_next_dist_0eytyef._.js:2477
[12081256ms] [LOG] [Fast Refresh] done in 116ms @ http://localhost:3000/_next/static/chunks/0p_r_next_dist_0eytyef._.js:2477
[12081906ms] [LOG] [Fast Refresh] rebuilding @ http://localhost:3000/_next/static/chunks/0p_r_next_dist_0eytyef._.js:2477
[12081924ms] [LOG] [Fast Refresh] done in 126ms @ http://localhost:3000/_next/static/chunks/0p_r_next_dist_0eytyef._.js:2477
[12083138ms] [LOG] [Fast Refresh] rebuilding @ http://localhost:3000/_next/static/chunks/0p_r_next_dist_0eytyef._.js:2477
[12083162ms] [LOG] [Fast Refresh] done in 128ms @ http://localhost:3000/_next/static/chunks/0p_r_next_dist_0eytyef._.js:2477
[15049887ms] [LOG] [Fast Refresh] rebuilding @ http://localhost:3000/_next/static/chunks/0p_r_next_dist_0eytyef._.js:2477
[15049935ms] [LOG] [Fast Refresh] done in 93ms @ http://localhost:3000/_next/static/chunks/0p_r_next_dist_0eytyef._.js:2477
[15050040ms] [LOG] [Fast Refresh] rebuilding @ http://localhost:3000/_next/static/chunks/0p_r_next_dist_0eytyef._.js:2477
[15050146ms] [LOG] [Fast Refresh] done in 210ms @ http://localhost:3000/_next/static/chunks/0p_r_next_dist_0eytyef._.js:2477
[15050254ms] [LOG] [Fast Refresh] rebuilding @ http://localhost:3000/_next/static/chunks/0p_r_next_dist_0eytyef._.js:2477
[15050265ms] [LOG] [Fast Refresh] done in 117ms @ http://localhost:3000/_next/static/chunks/0p_r_next_dist_0eytyef._.js:2477
[18372367ms] [LOG] [Fast Refresh] rebuilding @ http://localhost:3000/_next/static/chunks/0p_r_next_dist_0eytyef._.js:2477
[18372384ms] [LOG] [Fast Refresh] done in 225ms @ http://localhost:3000/_next/static/chunks/0p_r_next_dist_0eytyef._.js:2477
[18372488ms] [LOG] [Fast Refresh] rebuilding @ http://localhost:3000/_next/static/chunks/0p_r_next_dist_0eytyef._.js:2477
[18372558ms] [LOG] [Fast Refresh] done in 174ms @ http://localhost:3000/_next/static/chunks/0p_r_next_dist_0eytyef._.js:2477
[18372720ms] [LOG] [Fast Refresh] rebuilding @ http://localhost:3000/_next/static/chunks/0p_r_next_dist_0eytyef._.js:2477
[18372743ms] [LOG] [Fast Refresh] done in 127ms @ http://localhost:3000/_next/static/chunks/0p_r_next_dist_0eytyef._.js:2477
[18375482ms] [LOG] [Fast Refresh] rebuilding @ http://localhost:3000/_next/static/chunks/0p_r_next_dist_0eytyef._.js:2477
[18375634ms] [LOG] [Fast Refresh] done in 83ms @ http://localhost:3000/_next/static/chunks/0p_r_next_dist_0eytyef._.js:2477
[18422068ms] [LOG] [Fast Refresh] rebuilding @ http://localhost:3000/_next/static/chunks/0p_r_next_dist_0eytyef._.js:2477
[18422546ms] [LOG] [Fast Refresh] done in 585ms @ http://localhost:3000/_next/static/chunks/0p_r_next_dist_0eytyef._.js:2477
[18425931ms] [LOG] [Fast Refresh] rebuilding @ http://localhost:3000/_next/static/chunks/0p_r_next_dist_0eytyef._.js:2477
[18425963ms] [LOG] [Fast Refresh] done in 143ms @ http://localhost:3000/_next/static/chunks/0p_r_next_dist_0eytyef._.js:2477
[18426087ms] [LOG] [Fast Refresh] rebuilding @ http://localhost:3000/_next/static/chunks/0p_r_next_dist_0eytyef._.js:2477
[18426876ms] [LOG] [Fast Refresh] done in 903ms @ http://localhost:3000/_next/static/chunks/0p_r_next_dist_0eytyef._.js:2477
[18427667ms] [LOG] [Fast Refresh] rebuilding @ http://localhost:3000/_next/static/chunks/0p_r_next_dist_0eytyef._.js:2477
[18427816ms] [LOG] [Fast Refresh] done in 252ms @ http://localhost:3000/_next/static/chunks/0p_r_next_dist_0eytyef._.js:2477
[18429049ms] [LOG] [Fast Refresh] rebuilding @ http://localhost:3000/_next/static/chunks/0p_r_next_dist_0eytyef._.js:2477
[18429066ms] [LOG] [Fast Refresh] done in 129ms @ http://localhost:3000/_next/static/chunks/0p_r_next_dist_0eytyef._.js:2477
[18434031ms] [LOG] [Fast Refresh] rebuilding @ http://localhost:3000/_next/static/chunks/0p_r_next_dist_0eytyef._.js:2477
[18434092ms] [LOG] [Fast Refresh] done in 173ms @ http://localhost:3000/_next/static/chunks/0p_r_next_dist_0eytyef._.js:2477
[18434358ms] [LOG] [Fast Refresh] rebuilding @ http://localhost:3000/_next/static/chunks/0p_r_next_dist_0eytyef._.js:2477
[18434374ms] [LOG] [Fast Refresh] done in 119ms @ http://localhost:3000/_next/static/chunks/0p_r_next_dist_0eytyef._.js:2477
[18437736ms] [LOG] [Fast Refresh] rebuilding @ http://localhost:3000/_next/static/chunks/0p_r_next_dist_0eytyef._.js:2477
[18437876ms] [LOG] [Fast Refresh] done in 253ms @ http://localhost:3000/_next/static/chunks/0p_r_next_dist_0eytyef._.js:2477
[18438640ms] [LOG] [Fast Refresh] rebuilding @ http://localhost:3000/_next/static/chunks/0p_r_next_dist_0eytyef._.js:2477
[18438640ms] [LOG] [Fast Refresh] done in 208ms @ http://localhost:3000/_next/static/chunks/0p_r_next_dist_0eytyef._.js:2477
[18438748ms] [LOG] [Fast Refresh] rebuilding @ http://localhost:3000/_next/static/chunks/0p_r_next_dist_0eytyef._.js:2477
[18438759ms] [LOG] [Fast Refresh] done in 119ms @ http://localhost:3000/_next/static/chunks/0p_r_next_dist_0eytyef._.js:2477
[18441425ms] [LOG] [Fast Refresh] rebuilding @ http://localhost:3000/_next/static/chunks/0p_r_next_dist_0eytyef._.js:2477
[18441619ms] [LOG] [Fast Refresh] done in 298ms @ http://localhost:3000/_next/static/chunks/0p_r_next_dist_0eytyef._.js:2477
[18442250ms] [LOG] [Fast Refresh] rebuilding @ http://localhost:3000/_next/static/chunks/0p_r_next_dist_0eytyef._.js:2477
[18442251ms] [LOG] [Fast Refresh] done in 115ms @ http://localhost:3000/_next/static/chunks/0p_r_next_dist_0eytyef._.js:2477
[18444753ms] [LOG] [Fast Refresh] rebuilding @ http://localhost:3000/_next/static/chunks/0p_r_next_dist_0eytyef._.js:2477
[18444753ms] [LOG] [Fast Refresh] done in 294ms @ http://localhost:3000/_next/static/chunks/0p_r_next_dist_0eytyef._.js:2477
[18445009ms] [LOG] [Fast Refresh] rebuilding @ http://localhost:3000/_next/static/chunks/0p_r_next_dist_0eytyef._.js:2477
[18445022ms] [LOG] [Fast Refresh] done in 127ms @ http://localhost:3000/_next/static/chunks/0p_r_next_dist_0eytyef._.js:2477
[18451400ms] [LOG] [Fast Refresh] rebuilding @ http://localhost:3000/_next/static/chunks/0p_r_next_dist_0eytyef._.js:2477
[18451475ms] [LOG] [Fast Refresh] done in 182ms @ http://localhost:3000/_next/static/chunks/0p_r_next_dist_0eytyef._.js:2477
[18452067ms] [LOG] [Fast Refresh] rebuilding @ http://localhost:3000/_next/static/chunks/0p_r_next_dist_0eytyef._.js:2477
[18452123ms] [LOG] [Fast Refresh] done in 168ms @ http://localhost:3000/_next/static/chunks/0p_r_next_dist_0eytyef._.js:2477
[18455368ms] [LOG] [Fast Refresh] rebuilding @ http://localhost:3000/_next/static/chunks/0p_r_next_dist_0eytyef._.js:2477
[18455383ms] [LOG] [Fast Refresh] done in 123ms @ http://localhost:3000/_next/static/chunks/0p_r_next_dist_0eytyef._.js:2477
[18458155ms] [LOG] [Fast Refresh] rebuilding @ http://localhost:3000/_next/static/chunks/0p_r_next_dist_0eytyef._.js:2477
[18458168ms] [LOG] [Fast Refresh] done in 127ms @ http://localhost:3000/_next/static/chunks/0p_r_next_dist_0eytyef._.js:2477
[18458279ms] [LOG] [Fast Refresh] rebuilding @ http://localhost:3000/_next/static/chunks/0p_r_next_dist_0eytyef._.js:2477
[18458280ms] [LOG] [Fast Refresh] done in 109ms @ http://localhost:3000/_next/static/chunks/0p_r_next_dist_0eytyef._.js:2477
[18460002ms] [LOG] [Fast Refresh] rebuilding @ http://localhost:3000/_next/static/chunks/0p_r_next_dist_0eytyef._.js:2477
[18460111ms] [LOG] [Fast Refresh] done in 212ms @ http://localhost:3000/_next/static/chunks/0p_r_next_dist_0eytyef._.js:2477
[18462845ms] [LOG] [Fast Refresh] rebuilding @ http://localhost:3000/_next/static/chunks/0p_r_next_dist_0eytyef._.js:2477
[18462855ms] [LOG] [Fast Refresh] done in 113ms @ http://localhost:3000/_next/static/chunks/0p_r_next_dist_0eytyef._.js:2477
[18463300ms] [LOG] [Fast Refresh] rebuilding @ http://localhost:3000/_next/static/chunks/0p_r_next_dist_0eytyef._.js:2477
[18463300ms] [LOG] [Fast Refresh] done in 102ms @ http://localhost:3000/_next/static/chunks/0p_r_next_dist_0eytyef._.js:2477
[18464873ms] [LOG] [Fast Refresh] rebuilding @ http://localhost:3000/_next/static/chunks/0p_r_next_dist_0eytyef._.js:2477
[18464880ms] [LOG] [Fast Refresh] done in 112ms @ http://localhost:3000/_next/static/chunks/0p_r_next_dist_0eytyef._.js:2477
[19798223ms] [LOG] [Fast Refresh] rebuilding @ http://localhost:3000/_next/static/chunks/0p_r_next_dist_0eytyef._.js:2477
[19798348ms] [LOG] [Fast Refresh] done in 239ms @ http://localhost:3000/_next/static/chunks/0p_r_next_dist_0eytyef._.js:2477
[19801942ms] [LOG] [Fast Refresh] rebuilding @ http://localhost:3000/_next/static/chunks/0p_r_next_dist_0eytyef._.js:2477
[19802049ms] [LOG] [Fast Refresh] done in 217ms @ http://localhost:3000/_next/static/chunks/0p_r_next_dist_0eytyef._.js:2477
[19803129ms] [LOG] [Fast Refresh] rebuilding @ http://localhost:3000/_next/static/chunks/0p_r_next_dist_0eytyef._.js:2477
[19803165ms] [LOG] [Fast Refresh] done in 139ms @ http://localhost:3000/_next/static/chunks/0p_r_next_dist_0eytyef._.js:2477
[19804211ms] [LOG] [Fast Refresh] rebuilding @ http://localhost:3000/_next/static/chunks/0p_r_next_dist_0eytyef._.js:2477
[19804277ms] [LOG] [Fast Refresh] done in 172ms @ http://localhost:3000/_next/static/chunks/0p_r_next_dist_0eytyef._.js:2477
[19809662ms] [LOG] [Fast Refresh] rebuilding @ http://localhost:3000/_next/static/chunks/0p_r_next_dist_0eytyef._.js:2477
[19809662ms] [LOG] [Fast Refresh] done in 232ms @ http://localhost:3000/_next/static/chunks/0p_r_next_dist_0eytyef._.js:2477
[19810001ms] [LOG] [Fast Refresh] rebuilding @ http://localhost:3000/_next/static/chunks/0p_r_next_dist_0eytyef._.js:2477
[19810017ms] [LOG] [Fast Refresh] done in 122ms @ http://localhost:3000/_next/static/chunks/0p_r_next_dist_0eytyef._.js:2477
[19812142ms] [LOG] [Fast Refresh] rebuilding @ http://localhost:3000/_next/static/chunks/0p_r_next_dist_0eytyef._.js:2477
[19812155ms] [LOG] [Fast Refresh] done in 118ms @ http://localhost:3000/_next/static/chunks/0p_r_next_dist_0eytyef._.js:2477
[19812284ms] [LOG] [Fast Refresh] rebuilding @ http://localhost:3000/_next/static/chunks/0p_r_next_dist_0eytyef._.js:2477
[19812375ms] [LOG] [Fast Refresh] done in 207ms @ http://localhost:3000/_next/static/chunks/0p_r_next_dist_0eytyef._.js:2477
[19813496ms] [LOG] [Fast Refresh] rebuilding @ http://localhost:3000/_next/static/chunks/0p_r_next_dist_0eytyef._.js:2477
[19813681ms] [LOG] [Fast Refresh] done in 290ms @ http://localhost:3000/_next/static/chunks/0p_r_next_dist_0eytyef._.js:2477
[19814957ms] [LOG] [Fast Refresh] rebuilding @ http://localhost:3000/_next/static/chunks/0p_r_next_dist_0eytyef._.js:2477
[19815011ms] [LOG] [Fast Refresh] done in 169ms @ http://localhost:3000/_next/static/chunks/0p_r_next_dist_0eytyef._.js:2477
[19816000ms] [LOG] [Fast Refresh] rebuilding @ http://localhost:3000/_next/static/chunks/0p_r_next_dist_0eytyef._.js:2477
[19816016ms] [LOG] [Fast Refresh] done in 116ms @ http://localhost:3000/_next/static/chunks/0p_r_next_dist_0eytyef._.js:2477
[19816169ms] [LOG] [Fast Refresh] rebuilding @ http://localhost:3000/_next/static/chunks/0p_r_next_dist_0eytyef._.js:2477
[19816203ms] [LOG] [Fast Refresh] done in 144ms @ http://localhost:3000/_next/static/chunks/0p_r_next_dist_0eytyef._.js:2477
[19817042ms] [LOG] [Fast Refresh] rebuilding @ http://localhost:3000/_next/static/chunks/0p_r_next_dist_0eytyef._.js:2477
[19817111ms] [LOG] [Fast Refresh] done in 177ms @ http://localhost:3000/_next/static/chunks/0p_r_next_dist_0eytyef._.js:2477
[19818379ms] [LOG] [Fast Refresh] rebuilding @ http://localhost:3000/_next/static/chunks/0p_r_next_dist_0eytyef._.js:2477
[19818506ms] [LOG] [Fast Refresh] done in 228ms @ http://localhost:3000/_next/static/chunks/0p_r_next_dist_0eytyef._.js:2477
[19819453ms] [LOG] [Fast Refresh] rebuilding @ http://localhost:3000/_next/static/chunks/0p_r_next_dist_0eytyef._.js:2477
[19819458ms] [LOG] [Fast Refresh] done in 105ms @ http://localhost:3000/_next/static/chunks/0p_r_next_dist_0eytyef._.js:2477
[19820188ms] [LOG] [Fast Refresh] rebuilding @ http://localhost:3000/_next/static/chunks/0p_r_next_dist_0eytyef._.js:2477
[19820195ms] [LOG] [Fast Refresh] done in 113ms @ http://localhost:3000/_next/static/chunks/0p_r_next_dist_0eytyef._.js:2477
[19822948ms] [LOG] [Fast Refresh] rebuilding @ http://localhost:3000/_next/static/chunks/0p_r_next_dist_0eytyef._.js:2477
[19822965ms] [LOG] [Fast Refresh] done in 128ms @ http://localhost:3000/_next/static/chunks/0p_r_next_dist_0eytyef._.js:2477
[19824402ms] [LOG] [Fast Refresh] rebuilding @ http://localhost:3000/_next/static/chunks/0p_r_next_dist_0eytyef._.js:2477
[19824402ms] [LOG] [Fast Refresh] done in 106ms @ http://localhost:3000/_next/static/chunks/0p_r_next_dist_0eytyef._.js:2477
[19825126ms] [LOG] [Fast Refresh] rebuilding @ http://localhost:3000/_next/static/chunks/0p_r_next_dist_0eytyef._.js:2477
[19825171ms] [LOG] [Fast Refresh] done in 151ms @ http://localhost:3000/_next/static/chunks/0p_r_next_dist_0eytyef._.js:2477
[19825322ms] [LOG] [Fast Refresh] rebuilding @ http://localhost:3000/_next/static/chunks/0p_r_next_dist_0eytyef._.js:2477
[19825336ms] [LOG] [Fast Refresh] done in 125ms @ http://localhost:3000/_next/static/chunks/0p_r_next_dist_0eytyef._.js:2477
[19826111ms] [LOG] [Fast Refresh] rebuilding @ http://localhost:3000/_next/static/chunks/0p_r_next_dist_0eytyef._.js:2477
[19826139ms] [LOG] [Fast Refresh] done in 131ms @ http://localhost:3000/_next/static/chunks/0p_r_next_dist_0eytyef._.js:2477
[19828378ms] [LOG] [Fast Refresh] rebuilding @ http://localhost:3000/_next/static/chunks/0p_r_next_dist_0eytyef._.js:2477
[19828441ms] [LOG] [Fast Refresh] done in 173ms @ http://localhost:3000/_next/static/chunks/0p_r_next_dist_0eytyef._.js:2477
[19828850ms] [LOG] [Fast Refresh] rebuilding @ http://localhost:3000/_next/static/chunks/0p_r_next_dist_0eytyef._.js:2477
[19828853ms] [LOG] [Fast Refresh] done in 335ms @ http://localhost:3000/_next/static/chunks/0p_r_next_dist_0eytyef._.js:2477
[19830439ms] [LOG] [Fast Refresh] rebuilding @ http://localhost:3000/_next/static/chunks/0p_r_next_dist_0eytyef._.js:2477
[19830453ms] [LOG] [Fast Refresh] done in 116ms @ http://localhost:3000/_next/static/chunks/0p_r_next_dist_0eytyef._.js:2477
[19835188ms] [LOG] [Fast Refresh] rebuilding @ http://localhost:3000/_next/static/chunks/0p_r_next_dist_0eytyef._.js:2477
[19835198ms] [LOG] [Fast Refresh] done in 139ms @ http://localhost:3000/_next/static/chunks/0p_r_next_dist_0eytyef._.js:2477
[19836949ms] [LOG] [Fast Refresh] rebuilding @ http://localhost:3000/_next/static/chunks/0p_r_next_dist_0eytyef._.js:2477
[19836972ms] [LOG] [Fast Refresh] done in 137ms @ http://localhost:3000/_next/static/chunks/0p_r_next_dist_0eytyef._.js:2477
[19837932ms] [LOG] [Fast Refresh] rebuilding @ http://localhost:3000/_next/static/chunks/0p_r_next_dist_0eytyef._.js:2477
[19837933ms] [LOG] [Fast Refresh] done in 432ms @ http://localhost:3000/_next/static/chunks/0p_r_next_dist_0eytyef._.js:2477
[19838086ms] [LOG] [Fast Refresh] rebuilding @ http://localhost:3000/_next/static/chunks/0p_r_next_dist_0eytyef._.js:2477
[19838100ms] [LOG] [Fast Refresh] done in 125ms @ http://localhost:3000/_next/static/chunks/0p_r_next_dist_0eytyef._.js:2477
[19839158ms] [LOG] [Fast Refresh] rebuilding @ http://localhost:3000/_next/static/chunks/0p_r_next_dist_0eytyef._.js:2477
[19839351ms] [LOG] [Fast Refresh] done in 304ms @ http://localhost:3000/_next/static/chunks/0p_r_next_dist_0eytyef._.js:2477
[19839454ms] [LOG] [Fast Refresh] rebuilding @ http://localhost:3000/_next/static/chunks/0p_r_next_dist_0eytyef._.js:2477
[19839482ms] [LOG] [Fast Refresh] done in 130ms @ http://localhost:3000/_next/static/chunks/0p_r_next_dist_0eytyef._.js:2477
[19872235ms] [LOG] [Fast Refresh] rebuilding @ http://localhost:3000/_next/static/chunks/0p_r_next_dist_0eytyef._.js:2477
[19872239ms] [LOG] [Fast Refresh] done in 113ms @ http://localhost:3000/_next/static/chunks/0p_r_next_dist_0eytyef._.js:2477
[19873146ms] [LOG] [Fast Refresh] rebuilding @ http://localhost:3000/_next/static/chunks/0p_r_next_dist_0eytyef._.js:2477
[19873165ms] [LOG] [Fast Refresh] done in 131ms @ http://localhost:3000/_next/static/chunks/0p_r_next_dist_0eytyef._.js:2477
[19878881ms] [ERROR] WebSocket connection to 'ws://localhost:3000/_next/webpack-hmr?id=lHs7VNlF-FG3CioWUETn0' failed: Error in connection establishment: net::ERR_CONNECTION_REFUSED @ http://localhost:3000/_next/static/chunks/0p_r_next_dist_client_0rhgqjh._.js:13322
[19882242ms] [ERROR] WebSocket connection to 'ws://localhost:3000/_next/webpack-hmr?id=lHs7VNlF-FG3CioWUETn0' failed: Error in connection establishment: net::ERR_CONNECTION_REFUSED @ http://localhost:3000/_next/static/chunks/0p_r_next_dist_client_0rhgqjh._.js:13322
[19885624ms] [ERROR] WebSocket connection to 'ws://localhost:3000/_next/webpack-hmr?id=lHs7VNlF-FG3CioWUETn0' failed: Error in connection establishment: net::ERR_CONNECTION_REFUSED @ http://localhost:3000/_next/static/chunks/0p_r_next_dist_client_0rhgqjh._.js:13322
[19888981ms] [ERROR] WebSocket connection to 'ws://localhost:3000/_next/webpack-hmr?id=lHs7VNlF-FG3CioWUETn0' failed: Error in connection establishment: net::ERR_CONNECTION_REFUSED @ http://localhost:3000/_next/static/chunks/0p_r_next_dist_client_0rhgqjh._.js:13322
[19892329ms] [ERROR] WebSocket connection to 'ws://localhost:3000/_next/webpack-hmr?id=lHs7VNlF-FG3CioWUETn0' failed: Error in connection establishment: net::ERR_CONNECTION_REFUSED @ http://localhost:3000/_next/static/chunks/0p_r_next_dist_client_0rhgqjh._.js:13322
[19899699ms] [ERROR] WebSocket connection to 'ws://localhost:3000/_next/webpack-hmr?id=lHs7VNlF-FG3CioWUETn0' failed: Error in connection establishment: net::ERR_CONNECTION_REFUSED @ http://localhost:3000/_next/static/chunks/0p_r_next_dist_client_0rhgqjh._.js:13322
[19907055ms] [ERROR] WebSocket connection to 'ws://localhost:3000/_next/webpack-hmr?id=lHs7VNlF-FG3CioWUETn0' failed: Error in connection establishment: net::ERR_CONNECTION_REFUSED @ http://localhost:3000/_next/static/chunks/0p_r_next_dist_client_0rhgqjh._.js:13322
[19914436ms] [ERROR] WebSocket connection to 'ws://localhost:3000/_next/webpack-hmr?id=lHs7VNlF-FG3CioWUETn0' failed: Error in connection establishment: net::ERR_CONNECTION_REFUSED @ http://localhost:3000/_next/static/chunks/0p_r_next_dist_client_0rhgqjh._.js:13322
[19921803ms] [ERROR] WebSocket connection to 'ws://localhost:3000/_next/webpack-hmr?id=lHs7VNlF-FG3CioWUETn0' failed: Error in connection establishment: net::ERR_CONNECTION_REFUSED @ http://localhost:3000/_next/static/chunks/0p_r_next_dist_client_0rhgqjh._.js:13322
[19929221ms] [ERROR] WebSocket connection to 'ws://localhost:3000/_next/webpack-hmr?id=lHs7VNlF-FG3CioWUETn0' failed: Error in connection establishment: net::ERR_CONNECTION_REFUSED @ http://localhost:3000/_next/static/chunks/0p_r_next_dist_client_0rhgqjh._.js:13322
[19936807ms] [ERROR] WebSocket connection to 'ws://localhost:3000/_next/webpack-hmr?id=lHs7VNlF-FG3CioWUETn0' failed: Error in connection establishment: net::ERR_CONNECTION_REFUSED @ http://localhost:3000/_next/static/chunks/0p_r_next_dist_client_0rhgqjh._.js:13322
[19944274ms] [ERROR] WebSocket connection to 'ws://localhost:3000/_next/webpack-hmr?id=lHs7VNlF-FG3CioWUETn0' failed: Error in connection establishment: net::ERR_CONNECTION_REFUSED @ http://localhost:3000/_next/static/chunks/0p_r_next_dist_client_0rhgqjh._.js:13322
[20185796ms] [INFO] %cDownload the React DevTools for a better development experience: https://react.dev/link/react-devtools font-weight:bold @ http://localhost:3000/_next/static/chunks/0p_r_next_dist_0eytyef._.js:2477
[20185978ms] [LOG] [HMR] connected @ http://localhost:3000/_next/static/chunks/0p_r_next_dist_0eytyef._.js:2477
[20186123ms] [LOG] [Fast Refresh] rebuilding @ http://localhost:3000/_next/static/chunks/0p_r_next_dist_0eytyef._.js:2477
[20186176ms] [LOG] [Fast Refresh] done in 155ms @ http://localhost:3000/_next/static/chunks/0p_r_next_dist_0eytyef._.js:2477
[20186182ms] [LOG] %c[Vercel Speed Insights]%c Debug mode is enabled by default in development. No requests will be sent to the server. color: rgb(120, 120, 120) color: inherit @ http://localhost:3000/_next/static/chunks/0p_r_next_dist_0eytyef._.js:2477
[20186287ms] [LOG] [Fast Refresh] rebuilding @ http://localhost:3000/_next/static/chunks/0p_r_next_dist_0eytyef._.js:2477
[20186421ms] [LOG] [Fast Refresh] done in 235ms @ http://localhost:3000/_next/static/chunks/0p_r_next_dist_0eytyef._.js:2477
[20187642ms] [LOG] [Fast Refresh] rebuilding @ http://localhost:3000/_next/static/chunks/0p_r_next_dist_0eytyef._.js:2477
[20187669ms] [LOG] [Fast Refresh] done in 130ms @ http://localhost:3000/_next/static/chunks/0p_r_next_dist_0eytyef._.js:2477
[20189411ms] [LOG] [Fast Refresh] rebuilding @ http://localhost:3000/_next/static/chunks/0p_r_next_dist_0eytyef._.js:2477
[20189462ms] [LOG] [Fast Refresh] done in 157ms @ http://localhost:3000/_next/static/chunks/0p_r_next_dist_0eytyef._.js:2477
[20189637ms] [LOG] [Fast Refresh] rebuilding @ http://localhost:3000/_next/static/chunks/0p_r_next_dist_0eytyef._.js:2477
[20189743ms] [LOG] [Fast Refresh] done in 206ms @ http://localhost:3000/_next/static/chunks/0p_r_next_dist_0eytyef._.js:2477
[20190353ms] [LOG] [Fast Refresh] rebuilding @ http://localhost:3000/_next/static/chunks/0p_r_next_dist_0eytyef._.js:2477
[20190377ms] [LOG] [Fast Refresh] done in 127ms @ http://localhost:3000/_next/static/chunks/0p_r_next_dist_0eytyef._.js:2477
[20190792ms] [LOG] [Fast Refresh] rebuilding @ http://localhost:3000/_next/static/chunks/0p_r_next_dist_0eytyef._.js:2477
[20190801ms] [LOG] [Fast Refresh] done in 114ms @ http://localhost:3000/_next/static/chunks/0p_r_next_dist_0eytyef._.js:2477
[20191658ms] [LOG] [Fast Refresh] rebuilding @ http://localhost:3000/_next/static/chunks/0p_r_next_dist_0eytyef._.js:2477
[20191677ms] [LOG] [Fast Refresh] done in 124ms @ http://localhost:3000/_next/static/chunks/0p_r_next_dist_0eytyef._.js:2477
[20192416ms] [LOG] [Fast Refresh] rebuilding @ http://localhost:3000/_next/static/chunks/0p_r_next_dist_0eytyef._.js:2477
[20192476ms] [LOG] [Fast Refresh] done in 165ms @ http://localhost:3000/_next/static/chunks/0p_r_next_dist_0eytyef._.js:2477
[20192653ms] [LOG] [Fast Refresh] rebuilding @ http://localhost:3000/_next/static/chunks/0p_r_next_dist_0eytyef._.js:2477
[20192699ms] [LOG] [Fast Refresh] done in 146ms @ http://localhost:3000/_next/static/chunks/0p_r_next_dist_0eytyef._.js:2477
[20193687ms] [LOG] [Fast Refresh] rebuilding @ http://localhost:3000/_next/static/chunks/0p_r_next_dist_0eytyef._.js:2477
[20193690ms] [LOG] [Fast Refresh] done in 104ms @ http://localhost:3000/_next/static/chunks/0p_r_next_dist_0eytyef._.js:2477
[20195187ms] [LOG] [Fast Refresh] rebuilding @ http://localhost:3000/_next/static/chunks/0p_r_next_dist_0eytyef._.js:2477
[20195210ms] [LOG] [Fast Refresh] done in 122ms @ http://localhost:3000/_next/static/chunks/0p_r_next_dist_0eytyef._.js:2477
[20197120ms] [LOG] [Fast Refresh] rebuilding @ http://localhost:3000/_next/static/chunks/0p_r_next_dist_0eytyef._.js:2477
[20197191ms] [LOG] [Fast Refresh] done in 173ms @ http://localhost:3000/_next/static/chunks/0p_r_next_dist_0eytyef._.js:2477
[20199008ms] [LOG] [Fast Refresh] rebuilding @ http://localhost:3000/_next/static/chunks/0p_r_next_dist_0eytyef._.js:2477
[20199022ms] [LOG] [Fast Refresh] done in 115ms @ http://localhost:3000/_next/static/chunks/0p_r_next_dist_0eytyef._.js:2477
[20199910ms] [LOG] [Fast Refresh] rebuilding @ http://localhost:3000/_next/static/chunks/0p_r_next_dist_0eytyef._.js:2477
[20199962ms] [LOG] [Fast Refresh] done in 153ms @ http://localhost:3000/_next/static/chunks/0p_r_next_dist_0eytyef._.js:2477
[20200613ms] [LOG] [Fast Refresh] rebuilding @ http://localhost:3000/_next/static/chunks/0p_r_next_dist_0eytyef._.js:2477
[20200694ms] [LOG] [Fast Refresh] done in 182ms @ http://localhost:3000/_next/static/chunks/0p_r_next_dist_0eytyef._.js:2477
[20201887ms] [LOG] [Fast Refresh] rebuilding @ http://localhost:3000/_next/static/chunks/0p_r_next_dist_0eytyef._.js:2477
[20201888ms] [LOG] [Fast Refresh] done in 103ms @ http://localhost:3000/_next/static/chunks/0p_r_next_dist_0eytyef._.js:2477
[20202442ms] [LOG] [Fast Refresh] rebuilding @ http://localhost:3000/_next/static/chunks/0p_r_next_dist_0eytyef._.js:2477
[20202455ms] [LOG] [Fast Refresh] done in 117ms @ http://localhost:3000/_next/static/chunks/0p_r_next_dist_0eytyef._.js:2477
[20202999ms] [LOG] [Fast Refresh] rebuilding @ http://localhost:3000/_next/static/chunks/0p_r_next_dist_0eytyef._.js:2477
[20203016ms] [LOG] [Fast Refresh] done in 119ms @ http://localhost:3000/_next/static/chunks/0p_r_next_dist_0eytyef._.js:2477
[20203955ms] [LOG] [Fast Refresh] rebuilding @ http://localhost:3000/_next/static/chunks/0p_r_next_dist_0eytyef._.js:2477
[20203973ms] [LOG] [Fast Refresh] done in 118ms @ http://localhost:3000/_next/static/chunks/0p_r_next_dist_0eytyef._.js:2477
[20204905ms] [LOG] [Fast Refresh] rebuilding @ http://localhost:3000/_next/static/chunks/0p_r_next_dist_0eytyef._.js:2477
[20205004ms] [LOG] [Fast Refresh] done in 200ms @ http://localhost:3000/_next/static/chunks/0p_r_next_dist_0eytyef._.js:2477
[20206611ms] [LOG] [Fast Refresh] rebuilding @ http://localhost:3000/_next/static/chunks/0p_r_next_dist_0eytyef._.js:2477
[20206638ms] [LOG] [Fast Refresh] done in 133ms @ http://localhost:3000/_next/static/chunks/0p_r_next_dist_0eytyef._.js:2477
[20207806ms] [LOG] [Fast Refresh] rebuilding @ http://localhost:3000/_next/static/chunks/0p_r_next_dist_0eytyef._.js:2477
[20207834ms] [LOG] [Fast Refresh] done in 132ms @ http://localhost:3000/_next/static/chunks/0p_r_next_dist_0eytyef._.js:2477
[20207956ms] [LOG] [Fast Refresh] rebuilding @ http://localhost:3000/_next/static/chunks/0p_r_next_dist_0eytyef._.js:2477
[20207956ms] [LOG] [Fast Refresh] done in 106ms @ http://localhost:3000/_next/static/chunks/0p_r_next_dist_0eytyef._.js:2477
[20209077ms] [LOG] [Fast Refresh] rebuilding @ http://localhost:3000/_next/static/chunks/0p_r_next_dist_0eytyef._.js:2477
[20209077ms] [LOG] [Fast Refresh] done in 104ms @ http://localhost:3000/_next/static/chunks/0p_r_next_dist_0eytyef._.js:2477
[20209895ms] [LOG] [Fast Refresh] rebuilding @ http://localhost:3000/_next/static/chunks/0p_r_next_dist_0eytyef._.js:2477
[20209988ms] [LOG] [Fast Refresh] done in 198ms @ http://localhost:3000/_next/static/chunks/0p_r_next_dist_0eytyef._.js:2477
[20210107ms] [LOG] [Fast Refresh] rebuilding @ http://localhost:3000/_next/static/chunks/0p_r_next_dist_0eytyef._.js:2477
[20210173ms] [LOG] [Fast Refresh] done in 167ms @ http://localhost:3000/_next/static/chunks/0p_r_next_dist_0eytyef._.js:2477
[20211254ms] [LOG] [Fast Refresh] rebuilding @ http://localhost:3000/_next/static/chunks/0p_r_next_dist_0eytyef._.js:2477
[20211278ms] [LOG] [Fast Refresh] done in 127ms @ http://localhost:3000/_next/static/chunks/0p_r_next_dist_0eytyef._.js:2477
[20211851ms] [LOG] [Fast Refresh] rebuilding @ http://localhost:3000/_next/static/chunks/0p_r_next_dist_0eytyef._.js:2477
[20211868ms] [LOG] [Fast Refresh] done in 122ms @ http://localhost:3000/_next/static/chunks/0p_r_next_dist_0eytyef._.js:2477
[20212678ms] [LOG] [Fast Refresh] rebuilding @ http://localhost:3000/_next/static/chunks/0p_r_next_dist_0eytyef._.js:2477
[20212750ms] [LOG] [Fast Refresh] done in 173ms @ http://localhost:3000/_next/static/chunks/0p_r_next_dist_0eytyef._.js:2477
[20214106ms] [LOG] [Fast Refresh] rebuilding @ http://localhost:3000/_next/static/chunks/0p_r_next_dist_0eytyef._.js:2477
[20214134ms] [LOG] [Fast Refresh] done in 129ms @ http://localhost:3000/_next/static/chunks/0p_r_next_dist_0eytyef._.js:2477
[20645422ms] [LOG] [Fast Refresh] rebuilding @ http://localhost:3000/_next/static/chunks/0p_r_next_dist_0eytyef._.js:2477
[20646939ms] [LOG] [Fast Refresh] done in 1623ms @ http://localhost:3000/_next/static/chunks/0p_r_next_dist_0eytyef._.js:2477
[20647050ms] [LOG] [Fast Refresh] rebuilding @ http://localhost:3000/_next/static/chunks/0p_r_next_dist_0eytyef._.js:2477
[20647367ms] [LOG] [Fast Refresh] done in 427ms @ http://localhost:3000/_next/static/chunks/0p_r_next_dist_0eytyef._.js:2477
[20647541ms] [INFO] %cDownload the React DevTools for a better development experience: https://react.dev/link/react-devtools font-weight:bold @ http://localhost:3000/_next/static/chunks/0p_r_next_dist_0eytyef._.js:2477
[20647568ms] [LOG] [HMR] connected @ http://localhost:3000/_next/static/chunks/0p_r_next_dist_0eytyef._.js:2477
[20647628ms] [LOG] %c[Vercel Speed Insights]%c Debug mode is enabled by default in development. No requests will be sent to the server. color: rgb(120, 120, 120) color: inherit @ http://localhost:3000/_next/static/chunks/0p_r_next_dist_0eytyef._.js:2477
[20745928ms] [LOG] [Fast Refresh] rebuilding @ http://localhost:3000/_next/static/chunks/0p_r_next_dist_0eytyef._.js:2477
[20746135ms] [LOG] [Fast Refresh] done in 117ms @ http://localhost:3000/_next/static/chunks/0p_r_next_dist_0eytyef._.js:2477
[20809623ms] [LOG] [Fast Refresh] rebuilding @ http://localhost:3000/_next/static/chunks/0p_r_next_dist_0eytyef._.js:2477
[20809819ms] [LOG] [Fast Refresh] done in 97ms @ http://localhost:3000/_next/static/chunks/0p_r_next_dist_0eytyef._.js:2477
[21035686ms] [LOG] [Fast Refresh] rebuilding @ http://localhost:3000/_next/static/chunks/0p_r_next_dist_0eytyef._.js:2477
[21035739ms] [LOG] [Fast Refresh] done in 161ms @ http://localhost:3000/_next/static/chunks/0p_r_next_dist_0eytyef._.js:2477
[21035865ms] [LOG] [Fast Refresh] rebuilding @ http://localhost:3000/_next/static/chunks/0p_r_next_dist_0eytyef._.js:2477
[21035944ms] [LOG] [Fast Refresh] done in 205ms @ http://localhost:3000/_next/static/chunks/0p_r_next_dist_0eytyef._.js:2477
[21374962ms] [LOG] [Fast Refresh] rebuilding @ http://localhost:3000/_next/static/chunks/0p_r_next_dist_0eytyef._.js:2477
[21375002ms] [LOG] [Fast Refresh] done in 142ms @ http://localhost:3000/_next/static/chunks/0p_r_next_dist_0eytyef._.js:2477
[21434693ms] [LOG] [Fast Refresh] rebuilding @ http://localhost:3000/_next/static/chunks/0p_r_next_dist_0eytyef._.js:2477
[21434911ms] [LOG] [Fast Refresh] done in 345ms @ http://localhost:3000/_next/static/chunks/0p_r_next_dist_0eytyef._.js:2477
[21435043ms] [LOG] [Fast Refresh] rebuilding @ http://localhost:3000/_next/static/chunks/0p_r_next_dist_0eytyef._.js:2477
[21435347ms] [LOG] [Fast Refresh] done in 405ms @ http://localhost:3000/_next/static/chunks/0p_r_next_dist_0eytyef._.js:2477
[21438704ms] [LOG] [Fast Refresh] rebuilding @ http://localhost:3000/_next/static/chunks/0p_r_next_dist_0eytyef._.js:2477
[21438876ms] [LOG] [Fast Refresh] done in 312ms @ http://localhost:3000/_next/static/chunks/0p_r_next_dist_0eytyef._.js:2477
[21439095ms] [LOG] [Fast Refresh] rebuilding @ http://localhost:3000/_next/static/chunks/0p_r_next_dist_0eytyef._.js:2477
[21439542ms] [LOG] [Fast Refresh] done in 581ms @ http://localhost:3000/_next/static/chunks/0p_r_next_dist_0eytyef._.js:2477
[21440857ms] [LOG] [Fast Refresh] rebuilding @ http://localhost:3000/_next/static/chunks/0p_r_next_dist_0eytyef._.js:2477
[21441162ms] [LOG] [Fast Refresh] done in 431ms @ http://localhost:3000/_next/static/chunks/0p_r_next_dist_0eytyef._.js:2477
[21441310ms] [LOG] [Fast Refresh] rebuilding @ http://localhost:3000/_next/static/chunks/0p_r_next_dist_0eytyef._.js:2477
[21441510ms] [LOG] [Fast Refresh] done in 312ms @ http://localhost:3000/_next/static/chunks/0p_r_next_dist_0eytyef._.js:2477
[21442788ms] [LOG] [Fast Refresh] rebuilding @ http://localhost:3000/_next/static/chunks/0p_r_next_dist_0eytyef._.js:2477
[21442942ms] [LOG] [Fast Refresh] done in 285ms @ http://localhost:3000/_next/static/chunks/0p_r_next_dist_0eytyef._.js:2477
[21443884ms] [LOG] [Fast Refresh] rebuilding @ http://localhost:3000/_next/static/chunks/0p_r_next_dist_0eytyef._.js:2477
[21444039ms] [LOG] [Fast Refresh] done in 265ms @ http://localhost:3000/_next/static/chunks/0p_r_next_dist_0eytyef._.js:2477
[21445107ms] [LOG] [Fast Refresh] rebuilding @ http://localhost:3000/_next/static/chunks/0p_r_next_dist_0eytyef._.js:2477
[21445312ms] [LOG] [Fast Refresh] done in 314ms @ http://localhost:3000/_next/static/chunks/0p_r_next_dist_0eytyef._.js:2477
[21446586ms] [LOG] [Fast Refresh] rebuilding @ http://localhost:3000/_next/static/chunks/0p_r_next_dist_0eytyef._.js:2477
[21446723ms] [LOG] [Fast Refresh] done in 273ms @ http://localhost:3000/_next/static/chunks/0p_r_next_dist_0eytyef._.js:2477
[21447923ms] [LOG] [Fast Refresh] rebuilding @ http://localhost:3000/_next/static/chunks/0p_r_next_dist_0eytyef._.js:2477
[21447972ms] [LOG] [Fast Refresh] done in 155ms @ http://localhost:3000/_next/static/chunks/0p_r_next_dist_0eytyef._.js:2477
[21448119ms] [LOG] [Fast Refresh] rebuilding @ http://localhost:3000/_next/static/chunks/0p_r_next_dist_0eytyef._.js:2477
[21448165ms] [LOG] [Fast Refresh] done in 152ms @ http://localhost:3000/_next/static/chunks/0p_r_next_dist_0eytyef._.js:2477
[21449092ms] [LOG] [Fast Refresh] rebuilding @ http://localhost:3000/_next/static/chunks/0p_r_next_dist_0eytyef._.js:2477
[21449133ms] [LOG] [Fast Refresh] done in 177ms @ http://localhost:3000/_next/static/chunks/0p_r_next_dist_0eytyef._.js:2477
[21450092ms] [LOG] [Fast Refresh] rebuilding @ http://localhost:3000/_next/static/chunks/0p_r_next_dist_0eytyef._.js:2477
[21450133ms] [LOG] [Fast Refresh] done in 203ms @ http://localhost:3000/_next/static/chunks/0p_r_next_dist_0eytyef._.js:2477
[21450342ms] [LOG] [Fast Refresh] rebuilding @ http://localhost:3000/_next/static/chunks/0p_r_next_dist_0eytyef._.js:2477
[21450421ms] [LOG] [Fast Refresh] done in 203ms @ http://localhost:3000/_next/static/chunks/0p_r_next_dist_0eytyef._.js:2477
[21452184ms] [LOG] [Fast Refresh] rebuilding @ http://localhost:3000/_next/static/chunks/0p_r_next_dist_0eytyef._.js:2477
[21452516ms] [LOG] [Fast Refresh] done in 440ms @ http://localhost:3000/_next/static/chunks/0p_r_next_dist_0eytyef._.js:2477
[21453573ms] [LOG] [Fast Refresh] rebuilding @ http://localhost:3000/_next/static/chunks/0p_r_next_dist_0eytyef._.js:2477
[21453613ms] [LOG] [Fast Refresh] done in 168ms @ http://localhost:3000/_next/static/chunks/0p_r_next_dist_0eytyef._.js:2477
[21453775ms] [LOG] [Fast Refresh] rebuilding @ http://localhost:3000/_next/static/chunks/0p_r_next_dist_0eytyef._.js:2477
[21454080ms] [LOG] [Fast Refresh] done in 433ms @ http://localhost:3000/_next/static/chunks/0p_r_next_dist_0eytyef._.js:2477
[21457899ms] [LOG] [Fast Refresh] rebuilding @ http://localhost:3000/_next/static/chunks/0p_r_next_dist_0eytyef._.js:2477
[21458040ms] [LOG] [Fast Refresh] done in 251ms @ http://localhost:3000/_next/static/chunks/0p_r_next_dist_0eytyef._.js:2477
[21459562ms] [LOG] [Fast Refresh] rebuilding @ http://localhost:3000/_next/static/chunks/0p_r_next_dist_0eytyef._.js:2477
[21459694ms] [LOG] [Fast Refresh] done in 263ms @ http://localhost:3000/_next/static/chunks/0p_r_next_dist_0eytyef._.js:2477
[21463059ms] [LOG] [Fast Refresh] rebuilding @ http://localhost:3000/_next/static/chunks/0p_r_next_dist_0eytyef._.js:2477
[21463119ms] [LOG] [Fast Refresh] done in 169ms @ http://localhost:3000/_next/static/chunks/0p_r_next_dist_0eytyef._.js:2477
[21465143ms] [LOG] [Fast Refresh] rebuilding @ http://localhost:3000/_next/static/chunks/0p_r_next_dist_0eytyef._.js:2477
[21465199ms] [LOG] [Fast Refresh] done in 191ms @ http://localhost:3000/_next/static/chunks/0p_r_next_dist_0eytyef._.js:2477
[21465371ms] [LOG] [Fast Refresh] rebuilding @ http://localhost:3000/_next/static/chunks/0p_r_next_dist_0eytyef._.js:2477
[21465410ms] [LOG] [Fast Refresh] done in 163ms @ http://localhost:3000/_next/static/chunks/0p_r_next_dist_0eytyef._.js:2477
[21466922ms] [LOG] [Fast Refresh] rebuilding @ http://localhost:3000/_next/static/chunks/0p_r_next_dist_0eytyef._.js:2477
[21467048ms] [LOG] [Fast Refresh] done in 249ms @ http://localhost:3000/_next/static/chunks/0p_r_next_dist_0eytyef._.js:2477
[21470540ms] [LOG] [Fast Refresh] rebuilding @ http://localhost:3000/_next/static/chunks/0p_r_next_dist_0eytyef._.js:2477
[21470620ms] [LOG] [Fast Refresh] done in 214ms @ http://localhost:3000/_next/static/chunks/0p_r_next_dist_0eytyef._.js:2477
[21471570ms] [LOG] [Fast Refresh] rebuilding @ http://localhost:3000/_next/static/chunks/0p_r_next_dist_0eytyef._.js:2477
[21471614ms] [LOG] [Fast Refresh] done in 148ms @ http://localhost:3000/_next/static/chunks/0p_r_next_dist_0eytyef._.js:2477
[21483748ms] [LOG] [Fast Refresh] rebuilding @ http://localhost:3000/_next/static/chunks/0p_r_next_dist_0eytyef._.js:2477
[21483778ms] [LOG] [Fast Refresh] done in 161ms @ http://localhost:3000/_next/static/chunks/0p_r_next_dist_0eytyef._.js:2477
[22002942ms] [LOG] [Fast Refresh] rebuilding @ http://localhost:3000/_next/static/chunks/0p_r_next_dist_0eytyef._.js:2477
[22003450ms] [LOG] [Fast Refresh] done in 613ms @ http://localhost:3000/_next/static/chunks/0p_r_next_dist_0eytyef._.js:2477
[22026036ms] [LOG] [Fast Refresh] rebuilding @ http://localhost:3000/_next/static/chunks/0p_r_next_dist_0eytyef._.js:2477
[22026545ms] [LOG] [Fast Refresh] done in 645ms @ http://localhost:3000/_next/static/chunks/0p_r_next_dist_0eytyef._.js:2477
[22026983ms] [LOG] [Fast Refresh] rebuilding @ http://localhost:3000/_next/static/chunks/0p_r_next_dist_0eytyef._.js:2477
[22027422ms] [LOG] [Fast Refresh] done in 572ms @ http://localhost:3000/_next/static/chunks/0p_r_next_dist_0eytyef._.js:2477
[22631026ms] [LOG] [Fast Refresh] rebuilding @ http://localhost:3000/_next/static/chunks/0p_r_next_dist_0eytyef._.js:2477
[22631086ms] [LOG] [Fast Refresh] done in 174ms @ http://localhost:3000/_next/static/chunks/0p_r_next_dist_0eytyef._.js:2477
[22636367ms] [LOG] [Fast Refresh] rebuilding @ http://localhost:3000/_next/static/chunks/0p_r_next_dist_0eytyef._.js:2477
[22636535ms] [LOG] [Fast Refresh] done in 315ms @ http://localhost:3000/_next/static/chunks/0p_r_next_dist_0eytyef._.js:2477
[22637916ms] [LOG] [Fast Refresh] rebuilding @ http://localhost:3000/_next/static/chunks/0p_r_next_dist_0eytyef._.js:2477
[22638055ms] [LOG] [Fast Refresh] done in 257ms @ http://localhost:3000/_next/static/chunks/0p_r_next_dist_0eytyef._.js:2477
[22641720ms] [LOG] [Fast Refresh] rebuilding @ http://localhost:3000/_next/static/chunks/0p_r_next_dist_0eytyef._.js:2477
[22641768ms] [LOG] [Fast Refresh] done in 153ms @ http://localhost:3000/_next/static/chunks/0p_r_next_dist_0eytyef._.js:2477
[22644824ms] [LOG] [Fast Refresh] rebuilding @ http://localhost:3000/_next/static/chunks/0p_r_next_dist_0eytyef._.js:2477
[22644872ms] [LOG] [Fast Refresh] done in 163ms @ http://localhost:3000/_next/static/chunks/0p_r_next_dist_0eytyef._.js:2477
[22646279ms] [LOG] [Fast Refresh] rebuilding @ http://localhost:3000/_next/static/chunks/0p_r_next_dist_0eytyef._.js:2477
[22646455ms] [LOG] [Fast Refresh] done in 318ms @ http://localhost:3000/_next/static/chunks/0p_r_next_dist_0eytyef._.js:2477
[22649728ms] [LOG] [Fast Refresh] rebuilding @ http://localhost:3000/_next/static/chunks/0p_r_next_dist_0eytyef._.js:2477
[22649801ms] [LOG] [Fast Refresh] done in 181ms @ http://localhost:3000/_next/static/chunks/0p_r_next_dist_0eytyef._.js:2477
[22653681ms] [LOG] [Fast Refresh] rebuilding @ http://localhost:3000/_next/static/chunks/0p_r_next_dist_0eytyef._.js:2477
[22653682ms] [LOG] [Fast Refresh] done in 193ms @ http://localhost:3000/_next/static/chunks/0p_r_next_dist_0eytyef._.js:2477
[22661591ms] [LOG] [Fast Refresh] rebuilding @ http://localhost:3000/_next/static/chunks/0p_r_next_dist_0eytyef._.js:2477
[22661644ms] [LOG] [Fast Refresh] done in 173ms @ http://localhost:3000/_next/static/chunks/0p_r_next_dist_0eytyef._.js:2477
[22663959ms] [LOG] [Fast Refresh] rebuilding @ http://localhost:3000/_next/static/chunks/0p_r_next_dist_0eytyef._.js:2477
[22664051ms] [LOG] [Fast Refresh] done in 198ms @ http://localhost:3000/_next/static/chunks/0p_r_next_dist_0eytyef._.js:2477
[22665186ms] [LOG] [Fast Refresh] rebuilding @ http://localhost:3000/_next/static/chunks/0p_r_next_dist_0eytyef._.js:2477
[22665273ms] [LOG] [Fast Refresh] done in 191ms @ http://localhost:3000/_next/static/chunks/0p_r_next_dist_0eytyef._.js:2477
[22668461ms] [LOG] [Fast Refresh] rebuilding @ http://localhost:3000/_next/static/chunks/0p_r_next_dist_0eytyef._.js:2477
[22668461ms] [LOG] [Fast Refresh] done in 163ms @ http://localhost:3000/_next/static/chunks/0p_r_next_dist_0eytyef._.js:2477
[22670683ms] [LOG] [Fast Refresh] rebuilding @ http://localhost:3000/_next/static/chunks/0p_r_next_dist_0eytyef._.js:2477
[22670683ms] [LOG] [Fast Refresh] done in 181ms @ http://localhost:3000/_next/static/chunks/0p_r_next_dist_0eytyef._.js:2477
[22674451ms] [LOG] [Fast Refresh] rebuilding @ http://localhost:3000/_next/static/chunks/0p_r_next_dist_0eytyef._.js:2477
[22674526ms] [LOG] [Fast Refresh] done in 191ms @ http://localhost:3000/_next/static/chunks/0p_r_next_dist_0eytyef._.js:2477
[22678365ms] [LOG] [Fast Refresh] rebuilding @ http://localhost:3000/_next/static/chunks/0p_r_next_dist_0eytyef._.js:2477
[22678441ms] [LOG] [Fast Refresh] done in 182ms @ http://localhost:3000/_next/static/chunks/0p_r_next_dist_0eytyef._.js:2477
[22679401ms] [LOG] [Fast Refresh] rebuilding @ http://localhost:3000/_next/static/chunks/0p_r_next_dist_0eytyef._.js:2477
[22679522ms] [LOG] [Fast Refresh] done in 223ms @ http://localhost:3000/_next/static/chunks/0p_r_next_dist_0eytyef._.js:2477
[22680166ms] [LOG] [Fast Refresh] rebuilding @ http://localhost:3000/_next/static/chunks/0p_r_next_dist_0eytyef._.js:2477
[22680167ms] [LOG] [Fast Refresh] done in 211ms @ http://localhost:3000/_next/static/chunks/0p_r_next_dist_0eytyef._.js:2477
[22683997ms] [LOG] [Fast Refresh] rebuilding @ http://localhost:3000/_next/static/chunks/0p_r_next_dist_0eytyef._.js:2477
[22683997ms] [LOG] [Fast Refresh] done in 184ms @ http://localhost:3000/_next/static/chunks/0p_r_next_dist_0eytyef._.js:2477
[22684269ms] [LOG] [Fast Refresh] rebuilding @ http://localhost:3000/_next/static/chunks/0p_r_next_dist_0eytyef._.js:2477
[22684329ms] [LOG] [Fast Refresh] done in 245ms @ http://localhost:3000/_next/static/chunks/0p_r_next_dist_0eytyef._.js:2477
[22688406ms] [LOG] [Fast Refresh] rebuilding @ http://localhost:3000/_next/static/chunks/0p_r_next_dist_0eytyef._.js:2477
[22688466ms] [LOG] [Fast Refresh] done in 196ms @ http://localhost:3000/_next/static/chunks/0p_r_next_dist_0eytyef._.js:2477
[22690743ms] [LOG] [Fast Refresh] rebuilding @ http://localhost:3000/_next/static/chunks/0p_r_next_dist_0eytyef._.js:2477
[22690916ms] [LOG] [Fast Refresh] done in 341ms @ http://localhost:3000/_next/static/chunks/0p_r_next_dist_0eytyef._.js:2477
[22693199ms] [LOG] [Fast Refresh] rebuilding @ http://localhost:3000/_next/static/chunks/0p_r_next_dist_0eytyef._.js:2477
[22693372ms] [LOG] [Fast Refresh] done in 277ms @ http://localhost:3000/_next/static/chunks/0p_r_next_dist_0eytyef._.js:2477
[22694112ms] [LOG] [Fast Refresh] rebuilding @ http://localhost:3000/_next/static/chunks/0p_r_next_dist_0eytyef._.js:2477
[22694201ms] [LOG] [Fast Refresh] done in 195ms @ http://localhost:3000/_next/static/chunks/0p_r_next_dist_0eytyef._.js:2477
[22694962ms] [LOG] [Fast Refresh] rebuilding @ http://localhost:3000/_next/static/chunks/0p_r_next_dist_0eytyef._.js:2477
[22695049ms] [LOG] [Fast Refresh] done in 203ms @ http://localhost:3000/_next/static/chunks/0p_r_next_dist_0eytyef._.js:2477
[22698243ms] [LOG] [Fast Refresh] rebuilding @ http://localhost:3000/_next/static/chunks/0p_r_next_dist_0eytyef._.js:2477
[22698335ms] [LOG] [Fast Refresh] done in 215ms @ http://localhost:3000/_next/static/chunks/0p_r_next_dist_0eytyef._.js:2477
[22699189ms] [LOG] [Fast Refresh] rebuilding @ http://localhost:3000/_next/static/chunks/0p_r_next_dist_0eytyef._.js:2477
[22699278ms] [LOG] [Fast Refresh] done in 195ms @ http://localhost:3000/_next/static/chunks/0p_r_next_dist_0eytyef._.js:2477
[22700259ms] [LOG] [Fast Refresh] rebuilding @ http://localhost:3000/_next/static/chunks/0p_r_next_dist_0eytyef._.js:2477
[22700442ms] [LOG] [Fast Refresh] done in 375ms @ http://localhost:3000/_next/static/chunks/0p_r_next_dist_0eytyef._.js:2477
[22700636ms] [LOG] [Fast Refresh] rebuilding @ http://localhost:3000/_next/static/chunks/0p_r_next_dist_0eytyef._.js:2477
[22700922ms] [LOG] [Fast Refresh] done in 416ms @ http://localhost:3000/_next/static/chunks/0p_r_next_dist_0eytyef._.js:2477
[22702943ms] [LOG] [Fast Refresh] rebuilding @ http://localhost:3000/_next/static/chunks/0p_r_next_dist_0eytyef._.js:2477
[22703048ms] [LOG] [Fast Refresh] done in 209ms @ http://localhost:3000/_next/static/chunks/0p_r_next_dist_0eytyef._.js:2477
[22704535ms] [LOG] [Fast Refresh] rebuilding @ http://localhost:3000/_next/static/chunks/0p_r_next_dist_0eytyef._.js:2477
[22704954ms] [LOG] [Fast Refresh] done in 564ms @ http://localhost:3000/_next/static/chunks/0p_r_next_dist_0eytyef._.js:2477
[22706393ms] [LOG] [Fast Refresh] rebuilding @ http://localhost:3000/_next/static/chunks/0p_r_next_dist_0eytyef._.js:2477
[22706504ms] [LOG] [Fast Refresh] done in 248ms @ http://localhost:3000/_next/static/chunks/0p_r_next_dist_0eytyef._.js:2477
[22706723ms] [LOG] [Fast Refresh] rebuilding @ http://localhost:3000/_next/static/chunks/0p_r_next_dist_0eytyef._.js:2477
[22706790ms] [LOG] [Fast Refresh] done in 217ms @ http://localhost:3000/_next/static/chunks/0p_r_next_dist_0eytyef._.js:2477
[22709494ms] [LOG] [Fast Refresh] rebuilding @ http://localhost:3000/_next/static/chunks/0p_r_next_dist_0eytyef._.js:2477
[22709707ms] [LOG] [Fast Refresh] done in 355ms @ http://localhost:3000/_next/static/chunks/0p_r_next_dist_0eytyef._.js:2477
[22710550ms] [LOG] [Fast Refresh] rebuilding @ http://localhost:3000/_next/static/chunks/0p_r_next_dist_0eytyef._.js:2477
[22710647ms] [LOG] [Fast Refresh] done in 205ms @ http://localhost:3000/_next/static/chunks/0p_r_next_dist_0eytyef._.js:2477
[22711081ms] [LOG] [Fast Refresh] rebuilding @ http://localhost:3000/_next/static/chunks/0p_r_next_dist_0eytyef._.js:2477
[22711235ms] [LOG] [Fast Refresh] done in 257ms @ http://localhost:3000/_next/static/chunks/0p_r_next_dist_0eytyef._.js:2477
[22712361ms] [LOG] [Fast Refresh] rebuilding @ http://localhost:3000/_next/static/chunks/0p_r_next_dist_0eytyef._.js:2477
[22712508ms] [LOG] [Fast Refresh] done in 278ms @ http://localhost:3000/_next/static/chunks/0p_r_next_dist_0eytyef._.js:2477
[22716373ms] [LOG] [Fast Refresh] rebuilding @ http://localhost:3000/_next/static/chunks/0p_r_next_dist_0eytyef._.js:2477
[22716489ms] [LOG] [Fast Refresh] done in 264ms @ http://localhost:3000/_next/static/chunks/0p_r_next_dist_0eytyef._.js:2477
[22718696ms] [LOG] [Fast Refresh] rebuilding @ http://localhost:3000/_next/static/chunks/0p_r_next_dist_0eytyef._.js:2477
[22719064ms] [LOG] [Fast Refresh] done in 524ms @ http://localhost:3000/_next/static/chunks/0p_r_next_dist_0eytyef._.js:2477
[22720829ms] [LOG] [Fast Refresh] rebuilding @ http://localhost:3000/_next/static/chunks/0p_r_next_dist_0eytyef._.js:2477
[22721065ms] [LOG] [Fast Refresh] done in 383ms @ http://localhost:3000/_next/static/chunks/0p_r_next_dist_0eytyef._.js:2477
[22722782ms] [LOG] [Fast Refresh] rebuilding @ http://localhost:3000/_next/static/chunks/0p_r_next_dist_0eytyef._.js:2477
[22723113ms] [LOG] [Fast Refresh] done in 488ms @ http://localhost:3000/_next/static/chunks/0p_r_next_dist_0eytyef._.js:2477
[22726361ms] [LOG] [Fast Refresh] rebuilding @ http://localhost:3000/_next/static/chunks/0p_r_next_dist_0eytyef._.js:2477
[22726450ms] [LOG] [Fast Refresh] done in 265ms @ http://localhost:3000/_next/static/chunks/0p_r_next_dist_0eytyef._.js:2477
[22730187ms] [LOG] [Fast Refresh] rebuilding @ http://localhost:3000/_next/static/chunks/0p_r_next_dist_0eytyef._.js:2477
[22730279ms] [LOG] [Fast Refresh] done in 198ms @ http://localhost:3000/_next/static/chunks/0p_r_next_dist_0eytyef._.js:2477
[22731268ms] [LOG] [Fast Refresh] rebuilding @ http://localhost:3000/_next/static/chunks/0p_r_next_dist_0eytyef._.js:2477
[22731269ms] [LOG] [Fast Refresh] done in 232ms @ http://localhost:3000/_next/static/chunks/0p_r_next_dist_0eytyef._.js:2477
[22732751ms] [LOG] [Fast Refresh] rebuilding @ http://localhost:3000/_next/static/chunks/0p_r_next_dist_0eytyef._.js:2477
[22732846ms] [LOG] [Fast Refresh] done in 309ms @ http://localhost:3000/_next/static/chunks/0p_r_next_dist_0eytyef._.js:2477
[22733141ms] [LOG] [Fast Refresh] rebuilding @ http://localhost:3000/_next/static/chunks/0p_r_next_dist_0eytyef._.js:2477
[22733212ms] [LOG] [Fast Refresh] done in 180ms @ http://localhost:3000/_next/static/chunks/0p_r_next_dist_0eytyef._.js:2477
[22737182ms] [LOG] [Fast Refresh] rebuilding @ http://localhost:3000/_next/static/chunks/0p_r_next_dist_0eytyef._.js:2477
[22737182ms] [LOG] [Fast Refresh] done in 247ms @ http://localhost:3000/_next/static/chunks/0p_r_next_dist_0eytyef._.js:2477
[22737986ms] [LOG] [Fast Refresh] rebuilding @ http://localhost:3000/_next/static/chunks/0p_r_next_dist_0eytyef._.js:2477
[22738041ms] [LOG] [Fast Refresh] done in 195ms @ http://localhost:3000/_next/static/chunks/0p_r_next_dist_0eytyef._.js:2477
[22740505ms] [LOG] [Fast Refresh] rebuilding @ http://localhost:3000/_next/static/chunks/0p_r_next_dist_0eytyef._.js:2477
[22740585ms] [LOG] [Fast Refresh] done in 210ms @ http://localhost:3000/_next/static/chunks/0p_r_next_dist_0eytyef._.js:2477
[22741842ms] [LOG] [Fast Refresh] rebuilding @ http://localhost:3000/_next/static/chunks/0p_r_next_dist_0eytyef._.js:2477
[22741957ms] [LOG] [Fast Refresh] done in 218ms @ http://localhost:3000/_next/static/chunks/0p_r_next_dist_0eytyef._.js:2477
[22749955ms] [LOG] [Fast Refresh] rebuilding @ http://localhost:3000/_next/static/chunks/0p_r_next_dist_0eytyef._.js:2477
[22750058ms] [LOG] [Fast Refresh] done in 221ms @ http://localhost:3000/_next/static/chunks/0p_r_next_dist_0eytyef._.js:2477
[22750960ms] [LOG] [Fast Refresh] rebuilding @ http://localhost:3000/_next/static/chunks/0p_r_next_dist_0eytyef._.js:2477
[22751048ms] [LOG] [Fast Refresh] done in 209ms @ http://localhost:3000/_next/static/chunks/0p_r_next_dist_0eytyef._.js:2477
[22756609ms] [LOG] [Fast Refresh] rebuilding @ http://localhost:3000/_next/static/chunks/0p_r_next_dist_0eytyef._.js:2477
[22756786ms] [LOG] [Fast Refresh] done in 346ms @ http://localhost:3000/_next/static/chunks/0p_r_next_dist_0eytyef._.js:2477
[22757799ms] [LOG] [Fast Refresh] rebuilding @ http://localhost:3000/_next/static/chunks/0p_r_next_dist_0eytyef._.js:2477
[22757799ms] [LOG] [Fast Refresh] done in 186ms @ http://localhost:3000/_next/static/chunks/0p_r_next_dist_0eytyef._.js:2477
[22758148ms] [LOG] [Fast Refresh] rebuilding @ http://localhost:3000/_next/static/chunks/0p_r_next_dist_0eytyef._.js:2477
[22758210ms] [LOG] [Fast Refresh] done in 168ms @ http://localhost:3000/_next/static/chunks/0p_r_next_dist_0eytyef._.js:2477
[22758621ms] [LOG] [Fast Refresh] rebuilding @ http://localhost:3000/_next/static/chunks/0p_r_next_dist_0eytyef._.js:2477
[22758621ms] [LOG] [Fast Refresh] done in 227ms @ http://localhost:3000/_next/static/chunks/0p_r_next_dist_0eytyef._.js:2477
[22760295ms] [LOG] [Fast Refresh] rebuilding @ http://localhost:3000/_next/static/chunks/0p_r_next_dist_0eytyef._.js:2477
[22760370ms] [LOG] [Fast Refresh] done in 205ms @ http://localhost:3000/_next/static/chunks/0p_r_next_dist_0eytyef._.js:2477
[22762241ms] [LOG] [Fast Refresh] rebuilding @ http://localhost:3000/_next/static/chunks/0p_r_next_dist_0eytyef._.js:2477
[22762386ms] [LOG] [Fast Refresh] done in 291ms @ http://localhost:3000/_next/static/chunks/0p_r_next_dist_0eytyef._.js:2477
[22765965ms] [LOG] [Fast Refresh] rebuilding @ http://localhost:3000/_next/static/chunks/0p_r_next_dist_0eytyef._.js:2477
[22766224ms] [LOG] [Fast Refresh] done in 388ms @ http://localhost:3000/_next/static/chunks/0p_r_next_dist_0eytyef._.js:2477
[22768948ms] [LOG] [Fast Refresh] rebuilding @ http://localhost:3000/_next/static/chunks/0p_r_next_dist_0eytyef._.js:2477
[22769063ms] [LOG] [Fast Refresh] done in 219ms @ http://localhost:3000/_next/static/chunks/0p_r_next_dist_0eytyef._.js:2477
[22770733ms] [LOG] [Fast Refresh] rebuilding @ http://localhost:3000/_next/static/chunks/0p_r_next_dist_0eytyef._.js:2477
[22770841ms] [LOG] [Fast Refresh] done in 214ms @ http://localhost:3000/_next/static/chunks/0p_r_next_dist_0eytyef._.js:2477
[22772500ms] [LOG] [Fast Refresh] rebuilding @ http://localhost:3000/_next/static/chunks/0p_r_next_dist_0eytyef._.js:2477
[22772500ms] [LOG] [Fast Refresh] done in 174ms @ http://localhost:3000/_next/static/chunks/0p_r_next_dist_0eytyef._.js:2477
[22776162ms] [LOG] [Fast Refresh] rebuilding @ http://localhost:3000/_next/static/chunks/0p_r_next_dist_0eytyef._.js:2477
[22776350ms] [LOG] [Fast Refresh] done in 315ms @ http://localhost:3000/_next/static/chunks/0p_r_next_dist_0eytyef._.js:2477
[22779325ms] [LOG] [Fast Refresh] rebuilding @ http://localhost:3000/_next/static/chunks/0p_r_next_dist_0eytyef._.js:2477
[22779395ms] [LOG] [Fast Refresh] done in 237ms @ http://localhost:3000/_next/static/chunks/0p_r_next_dist_0eytyef._.js:2477
[22784270ms] [LOG] [Fast Refresh] rebuilding @ http://localhost:3000/_next/static/chunks/0p_r_next_dist_0eytyef._.js:2477
[22784332ms] [LOG] [Fast Refresh] done in 176ms @ http://localhost:3000/_next/static/chunks/0p_r_next_dist_0eytyef._.js:2477
[22786600ms] [LOG] [Fast Refresh] rebuilding @ http://localhost:3000/_next/static/chunks/0p_r_next_dist_0eytyef._.js:2477
[22786660ms] [LOG] [Fast Refresh] done in 219ms @ http://localhost:3000/_next/static/chunks/0p_r_next_dist_0eytyef._.js:2477
[22787223ms] [LOG] [Fast Refresh] rebuilding @ http://localhost:3000/_next/static/chunks/0p_r_next_dist_0eytyef._.js:2477
[22787314ms] [LOG] [Fast Refresh] done in 193ms @ http://localhost:3000/_next/static/chunks/0p_r_next_dist_0eytyef._.js:2477
[22881016ms] [LOG] [Fast Refresh] rebuilding @ http://localhost:3000/_next/static/chunks/0p_r_next_dist_0eytyef._.js:2477
[22881089ms] [LOG] [Fast Refresh] done in 176ms @ http://localhost:3000/_next/static/chunks/0p_r_next_dist_0eytyef._.js:2477
[22884569ms] [LOG] [Fast Refresh] rebuilding @ http://localhost:3000/_next/static/chunks/0p_r_next_dist_0eytyef._.js:2477
[22884653ms] [LOG] [Fast Refresh] done in 235ms @ http://localhost:3000/_next/static/chunks/0p_r_next_dist_0eytyef._.js:2477
[22886050ms] [LOG] [Fast Refresh] rebuilding @ http://localhost:3000/_next/static/chunks/0p_r_next_dist_0eytyef._.js:2477
[22886237ms] [LOG] [Fast Refresh] done in 299ms @ http://localhost:3000/_next/static/chunks/0p_r_next_dist_0eytyef._.js:2477
[22886985ms] [LOG] [Fast Refresh] rebuilding @ http://localhost:3000/_next/static/chunks/0p_r_next_dist_0eytyef._.js:2477
[22887257ms] [LOG] [Fast Refresh] done in 434ms @ http://localhost:3000/_next/static/chunks/0p_r_next_dist_0eytyef._.js:2477
[22889755ms] [LOG] [Fast Refresh] rebuilding @ http://localhost:3000/_next/static/chunks/0p_r_next_dist_0eytyef._.js:2477
[22889934ms] [LOG] [Fast Refresh] done in 368ms @ http://localhost:3000/_next/static/chunks/0p_r_next_dist_0eytyef._.js:2477
[22890187ms] [LOG] [Fast Refresh] rebuilding @ http://localhost:3000/_next/static/chunks/0p_r_next_dist_0eytyef._.js:2477
[22890336ms] [LOG] [Fast Refresh] done in 324ms @ http://localhost:3000/_next/static/chunks/0p_r_next_dist_0eytyef._.js:2477
[22891752ms] [LOG] [Fast Refresh] rebuilding @ http://localhost:3000/_next/static/chunks/0p_r_next_dist_0eytyef._.js:2477
[22891856ms] [LOG] [Fast Refresh] done in 290ms @ http://localhost:3000/_next/static/chunks/0p_r_next_dist_0eytyef._.js:2477
[22895260ms] [LOG] [Fast Refresh] rebuilding @ http://localhost:3000/_next/static/chunks/0p_r_next_dist_0eytyef._.js:2477
[22895489ms] [LOG] [Fast Refresh] done in 337ms @ http://localhost:3000/_next/static/chunks/0p_r_next_dist_0eytyef._.js:2477
[22897470ms] [LOG] [Fast Refresh] rebuilding @ http://localhost:3000/_next/static/chunks/0p_r_next_dist_0eytyef._.js:2477
[22897547ms] [LOG] [Fast Refresh] done in 199ms @ http://localhost:3000/_next/static/chunks/0p_r_next_dist_0eytyef._.js:2477
[22901402ms] [LOG] [Fast Refresh] rebuilding @ http://localhost:3000/_next/static/chunks/0p_r_next_dist_0eytyef._.js:2477
[22901480ms] [LOG] [Fast Refresh] done in 209ms @ http://localhost:3000/_next/static/chunks/0p_r_next_dist_0eytyef._.js:2477
[22902835ms] [LOG] [Fast Refresh] rebuilding @ http://localhost:3000/_next/static/chunks/0p_r_next_dist_0eytyef._.js:2477
[22902936ms] [LOG] [Fast Refresh] done in 214ms @ http://localhost:3000/_next/static/chunks/0p_r_next_dist_0eytyef._.js:2477
[22903591ms] [LOG] [Fast Refresh] rebuilding @ http://localhost:3000/_next/static/chunks/0p_r_next_dist_0eytyef._.js:2477
[22903675ms] [LOG] [Fast Refresh] done in 253ms @ http://localhost:3000/_next/static/chunks/0p_r_next_dist_0eytyef._.js:2477
[22905511ms] [LOG] [Fast Refresh] rebuilding @ http://localhost:3000/_next/static/chunks/0p_r_next_dist_0eytyef._.js:2477
[22905732ms] [LOG] [Fast Refresh] done in 357ms @ http://localhost:3000/_next/static/chunks/0p_r_next_dist_0eytyef._.js:2477
[22906310ms] [LOG] [Fast Refresh] rebuilding @ http://localhost:3000/_next/static/chunks/0p_r_next_dist_0eytyef._.js:2477
[22906397ms] [LOG] [Fast Refresh] done in 196ms @ http://localhost:3000/_next/static/chunks/0p_r_next_dist_0eytyef._.js:2477
[22919210ms] [LOG] [Fast Refresh] rebuilding @ http://localhost:3000/_next/static/chunks/0p_r_next_dist_0eytyef._.js:2477
[22919325ms] [LOG] [Fast Refresh] done in 255ms @ http://localhost:3000/_next/static/chunks/0p_r_next_dist_0eytyef._.js:2477
[22930258ms] [LOG] [Fast Refresh] rebuilding @ http://localhost:3000/_next/static/chunks/0p_r_next_dist_0eytyef._.js:2477
[22930363ms] [LOG] [Fast Refresh] done in 323ms @ http://localhost:3000/_next/static/chunks/0p_r_next_dist_0eytyef._.js:2477
[22931100ms] [LOG] [Fast Refresh] rebuilding @ http://localhost:3000/_next/static/chunks/0p_r_next_dist_0eytyef._.js:2477
[22931212ms] [LOG] [Fast Refresh] done in 240ms @ http://localhost:3000/_next/static/chunks/0p_r_next_dist_0eytyef._.js:2477
[22935072ms] [LOG] [Fast Refresh] rebuilding @ http://localhost:3000/_next/static/chunks/0p_r_next_dist_0eytyef._.js:2477
[22935073ms] [LOG] [Fast Refresh] done in 198ms @ http://localhost:3000/_next/static/chunks/0p_r_next_dist_0eytyef._.js:2477
[22936755ms] [LOG] [Fast Refresh] rebuilding @ http://localhost:3000/_next/static/chunks/0p_r_next_dist_0eytyef._.js:2477
[22936756ms] [LOG] [Fast Refresh] done in 199ms @ http://localhost:3000/_next/static/chunks/0p_r_next_dist_0eytyef._.js:2477
[22938271ms] [LOG] [Fast Refresh] rebuilding @ http://localhost:3000/_next/static/chunks/0p_r_next_dist_0eytyef._.js:2477
[22938359ms] [LOG] [Fast Refresh] done in 239ms @ http://localhost:3000/_next/static/chunks/0p_r_next_dist_0eytyef._.js:2477
[22942139ms] [LOG] [Fast Refresh] rebuilding @ http://localhost:3000/_next/static/chunks/0p_r_next_dist_0eytyef._.js:2477
[22942376ms] [LOG] [Fast Refresh] done in 422ms @ http://localhost:3000/_next/static/chunks/0p_r_next_dist_0eytyef._.js:2477
[22942863ms] [LOG] [Fast Refresh] rebuilding @ http://localhost:3000/_next/static/chunks/0p_r_next_dist_0eytyef._.js:2477
[22942863ms] [LOG] [Fast Refresh] done in 191ms @ http://localhost:3000/_next/static/chunks/0p_r_next_dist_0eytyef._.js:2477
[22949054ms] [LOG] [Fast Refresh] rebuilding @ http://localhost:3000/_next/static/chunks/0p_r_next_dist_0eytyef._.js:2477
[22949187ms] [LOG] [Fast Refresh] done in 283ms @ http://localhost:3000/_next/static/chunks/0p_r_next_dist_0eytyef._.js:2477
[22957545ms] [LOG] [Fast Refresh] rebuilding @ http://localhost:3000/_next/static/chunks/0p_r_next_dist_0eytyef._.js:2477
[22957643ms] [LOG] [Fast Refresh] done in 282ms @ http://localhost:3000/_next/static/chunks/0p_r_next_dist_0eytyef._.js:2477
[22961569ms] [LOG] [Fast Refresh] rebuilding @ http://localhost:3000/_next/static/chunks/0p_r_next_dist_0eytyef._.js:2477
[22961659ms] [LOG] [Fast Refresh] done in 279ms @ http://localhost:3000/_next/static/chunks/0p_r_next_dist_0eytyef._.js:2477
[22962061ms] [LOG] [Fast Refresh] rebuilding @ http://localhost:3000/_next/static/chunks/0p_r_next_dist_0eytyef._.js:2477
[22962123ms] [LOG] [Fast Refresh] done in 164ms @ http://localhost:3000/_next/static/chunks/0p_r_next_dist_0eytyef._.js:2477
[22963671ms] [LOG] [Fast Refresh] rebuilding @ http://localhost:3000/_next/static/chunks/0p_r_next_dist_0eytyef._.js:2477
[22963845ms] [LOG] [Fast Refresh] done in 358ms @ http://localhost:3000/_next/static/chunks/0p_r_next_dist_0eytyef._.js:2477
[22964103ms] [LOG] [Fast Refresh] rebuilding @ http://localhost:3000/_next/static/chunks/0p_r_next_dist_0eytyef._.js:2477
[22964188ms] [LOG] [Fast Refresh] done in 248ms @ http://localhost:3000/_next/static/chunks/0p_r_next_dist_0eytyef._.js:2477
[22966445ms] [LOG] [Fast Refresh] rebuilding @ http://localhost:3000/_next/static/chunks/0p_r_next_dist_0eytyef._.js:2477
[22966550ms] [LOG] [Fast Refresh] done in 244ms @ http://localhost:3000/_next/static/chunks/0p_r_next_dist_0eytyef._.js:2477
[22967210ms] [LOG] [Fast Refresh] rebuilding @ http://localhost:3000/_next/static/chunks/0p_r_next_dist_0eytyef._.js:2477
[22967421ms] [LOG] [Fast Refresh] done in 409ms @ http://localhost:3000/_next/static/chunks/0p_r_next_dist_0eytyef._.js:2477
[22967734ms] [LOG] [Fast Refresh] rebuilding @ http://localhost:3000/_next/static/chunks/0p_r_next_dist_0eytyef._.js:2477
[22967828ms] [LOG] [Fast Refresh] done in 207ms @ http://localhost:3000/_next/static/chunks/0p_r_next_dist_0eytyef._.js:2477
[22969428ms] [LOG] [Fast Refresh] rebuilding @ http://localhost:3000/_next/static/chunks/0p_r_next_dist_0eytyef._.js:2477
[22969536ms] [LOG] [Fast Refresh] done in 307ms @ http://localhost:3000/_next/static/chunks/0p_r_next_dist_0eytyef._.js:2477
[22973136ms] [LOG] [Fast Refresh] rebuilding @ http://localhost:3000/_next/static/chunks/0p_r_next_dist_0eytyef._.js:2477
[22973225ms] [LOG] [Fast Refresh] done in 212ms @ http://localhost:3000/_next/static/chunks/0p_r_next_dist_0eytyef._.js:2477
[22975821ms] [LOG] [Fast Refresh] rebuilding @ http://localhost:3000/_next/static/chunks/0p_r_next_dist_0eytyef._.js:2477
[22975902ms] [LOG] [Fast Refresh] done in 270ms @ http://localhost:3000/_next/static/chunks/0p_r_next_dist_0eytyef._.js:2477
[22978882ms] [LOG] [Fast Refresh] rebuilding @ http://localhost:3000/_next/static/chunks/0p_r_next_dist_0eytyef._.js:2477
[22979073ms] [LOG] [Fast Refresh] done in 296ms @ http://localhost:3000/_next/static/chunks/0p_r_next_dist_0eytyef._.js:2477
[22980209ms] [LOG] [Fast Refresh] rebuilding @ http://localhost:3000/_next/static/chunks/0p_r_next_dist_0eytyef._.js:2477
[22980402ms] [LOG] [Fast Refresh] done in 313ms @ http://localhost:3000/_next/static/chunks/0p_r_next_dist_0eytyef._.js:2477
[22980797ms] [LOG] [Fast Refresh] rebuilding @ http://localhost:3000/_next/static/chunks/0p_r_next_dist_0eytyef._.js:2477
[22980908ms] [LOG] [Fast Refresh] done in 225ms @ http://localhost:3000/_next/static/chunks/0p_r_next_dist_0eytyef._.js:2477
[22982558ms] [LOG] [Fast Refresh] rebuilding @ http://localhost:3000/_next/static/chunks/0p_r_next_dist_0eytyef._.js:2477
[22982630ms] [LOG] [Fast Refresh] done in 206ms @ http://localhost:3000/_next/static/chunks/0p_r_next_dist_0eytyef._.js:2477
[22985702ms] [LOG] [Fast Refresh] rebuilding @ http://localhost:3000/_next/static/chunks/0p_r_next_dist_0eytyef._.js:2477
[22985703ms] [LOG] [Fast Refresh] done in 188ms @ http://localhost:3000/_next/static/chunks/0p_r_next_dist_0eytyef._.js:2477
[22992039ms] [LOG] [Fast Refresh] rebuilding @ http://localhost:3000/_next/static/chunks/0p_r_next_dist_0eytyef._.js:2477
[22992158ms] [LOG] [Fast Refresh] done in 222ms @ http://localhost:3000/_next/static/chunks/0p_r_next_dist_0eytyef._.js:2477
[22996428ms] [LOG] [Fast Refresh] rebuilding @ http://localhost:3000/_next/static/chunks/0p_r_next_dist_0eytyef._.js:2477
[22996523ms] [LOG] [Fast Refresh] done in 277ms @ http://localhost:3000/_next/static/chunks/0p_r_next_dist_0eytyef._.js:2477
[23058472ms] [LOG] [Fast Refresh] rebuilding @ http://localhost:3000/_next/static/chunks/0p_r_next_dist_0eytyef._.js:2477
[23058588ms] [LOG] [Fast Refresh] done in 225ms @ http://localhost:3000/_next/static/chunks/0p_r_next_dist_0eytyef._.js:2477
[23355217ms] [LOG] [Fast Refresh] rebuilding @ http://localhost:3000/_next/static/chunks/0p_r_next_dist_0eytyef._.js:2477
[23355311ms] [LOG] [Fast Refresh] done in 252ms @ http://localhost:3000/_next/static/chunks/0p_r_next_dist_0eytyef._.js:2477
[23355491ms] [LOG] [Fast Refresh] rebuilding @ http://localhost:3000/_next/static/chunks/0p_r_next_dist_0eytyef._.js:2477
[23355548ms] [LOG] [Fast Refresh] done in 188ms @ http://localhost:3000/_next/static/chunks/0p_r_next_dist_0eytyef._.js:2477
[23356636ms] [LOG] [Fast Refresh] rebuilding @ http://localhost:3000/_next/static/chunks/0p_r_next_dist_0eytyef._.js:2477
[23356750ms] [LOG] [Fast Refresh] done in 231ms @ http://localhost:3000/_next/static/chunks/0p_r_next_dist_0eytyef._.js:2477
[23357156ms] [LOG] [Fast Refresh] rebuilding @ http://localhost:3000/_next/static/chunks/0p_r_next_dist_0eytyef._.js:2477
[23357252ms] [LOG] [Fast Refresh] done in 219ms @ http://localhost:3000/_next/static/chunks/0p_r_next_dist_0eytyef._.js:2477
[23358247ms] [LOG] [Fast Refresh] rebuilding @ http://localhost:3000/_next/static/chunks/0p_r_next_dist_0eytyef._.js:2477
[23358325ms] [LOG] [Fast Refresh] done in 213ms @ http://localhost:3000/_next/static/chunks/0p_r_next_dist_0eytyef._.js:2477
[23359158ms] [LOG] [Fast Refresh] rebuilding @ http://localhost:3000/_next/static/chunks/0p_r_next_dist_0eytyef._.js:2477
[23359209ms] [LOG] [Fast Refresh] done in 208ms @ http://localhost:3000/_next/static/chunks/0p_r_next_dist_0eytyef._.js:2477
[23360416ms] [LOG] [Fast Refresh] rebuilding @ http://localhost:3000/_next/static/chunks/0p_r_next_dist_0eytyef._.js:2477
[23360642ms] [LOG] [Fast Refresh] done in 339ms @ http://localhost:3000/_next/static/chunks/0p_r_next_dist_0eytyef._.js:2477
[23364426ms] [LOG] [Fast Refresh] rebuilding @ http://localhost:3000/_next/static/chunks/0p_r_next_dist_0eytyef._.js:2477
[23364512ms] [LOG] [Fast Refresh] done in 228ms @ http://localhost:3000/_next/static/chunks/0p_r_next_dist_0eytyef._.js:2477
[23366141ms] [LOG] [Fast Refresh] rebuilding @ http://localhost:3000/_next/static/chunks/0p_r_next_dist_0eytyef._.js:2477
[23366424ms] [LOG] [Fast Refresh] done in 415ms @ http://localhost:3000/_next/static/chunks/0p_r_next_dist_0eytyef._.js:2477
[23367317ms] [LOG] [Fast Refresh] rebuilding @ http://localhost:3000/_next/static/chunks/0p_r_next_dist_0eytyef._.js:2477
[23367367ms] [LOG] [Fast Refresh] done in 181ms @ http://localhost:3000/_next/static/chunks/0p_r_next_dist_0eytyef._.js:2477
[23367538ms] [LOG] [Fast Refresh] rebuilding @ http://localhost:3000/_next/static/chunks/0p_r_next_dist_0eytyef._.js:2477
[23367588ms] [LOG] [Fast Refresh] done in 173ms @ http://localhost:3000/_next/static/chunks/0p_r_next_dist_0eytyef._.js:2477
[23368718ms] [LOG] [Fast Refresh] rebuilding @ http://localhost:3000/_next/static/chunks/0p_r_next_dist_0eytyef._.js:2477
[23368718ms] [LOG] [Fast Refresh] done in 224ms @ http://localhost:3000/_next/static/chunks/0p_r_next_dist_0eytyef._.js:2477
[23368984ms] [LOG] [Fast Refresh] rebuilding @ http://localhost:3000/_next/static/chunks/0p_r_next_dist_0eytyef._.js:2477
[23369096ms] [LOG] [Fast Refresh] done in 306ms @ http://localhost:3000/_next/static/chunks/0p_r_next_dist_0eytyef._.js:2477
[23370181ms] [LOG] [Fast Refresh] rebuilding @ http://localhost:3000/_next/static/chunks/0p_r_next_dist_0eytyef._.js:2477
[23370252ms] [LOG] [Fast Refresh] done in 305ms @ http://localhost:3000/_next/static/chunks/0p_r_next_dist_0eytyef._.js:2477
[23370451ms] [LOG] [Fast Refresh] rebuilding @ http://localhost:3000/_next/static/chunks/0p_r_next_dist_0eytyef._.js:2477
[23370549ms] [LOG] [Fast Refresh] done in 228ms @ http://localhost:3000/_next/static/chunks/0p_r_next_dist_0eytyef._.js:2477
[23372850ms] [LOG] [Fast Refresh] rebuilding @ http://localhost:3000/_next/static/chunks/0p_r_next_dist_0eytyef._.js:2477
[23373047ms] [LOG] [Fast Refresh] done in 302ms @ http://localhost:3000/_next/static/chunks/0p_r_next_dist_0eytyef._.js:2477
[23390006ms] [LOG] [Fast Refresh] rebuilding @ http://localhost:3000/_next/static/chunks/0p_r_next_dist_0eytyef._.js:2477
[23390124ms] [LOG] [Fast Refresh] done in 259ms @ http://localhost:3000/_next/static/chunks/0p_r_next_dist_0eytyef._.js:2477
[23395780ms] [LOG] [Fast Refresh] rebuilding @ http://localhost:3000/_next/static/chunks/0p_r_next_dist_0eytyef._.js:2477
[23395883ms] [LOG] [Fast Refresh] done in 215ms @ http://localhost:3000/_next/static/chunks/0p_r_next_dist_0eytyef._.js:2477
[23396093ms] [LOG] [Fast Refresh] rebuilding @ http://localhost:3000/_next/static/chunks/0p_r_next_dist_0eytyef._.js:2477
[23396207ms] [LOG] [Fast Refresh] done in 222ms @ http://localhost:3000/_next/static/chunks/0p_r_next_dist_0eytyef._.js:2477
[23403889ms] [LOG] [Fast Refresh] rebuilding @ http://localhost:3000/_next/static/chunks/0p_r_next_dist_0eytyef._.js:2477
[23404004ms] [LOG] [Fast Refresh] done in 238ms @ http://localhost:3000/_next/static/chunks/0p_r_next_dist_0eytyef._.js:2477
[23406703ms] [LOG] [Fast Refresh] rebuilding @ http://localhost:3000/_next/static/chunks/0p_r_next_dist_0eytyef._.js:2477
[23406892ms] [LOG] [Fast Refresh] done in 296ms @ http://localhost:3000/_next/static/chunks/0p_r_next_dist_0eytyef._.js:2477
[23407773ms] [LOG] [Fast Refresh] rebuilding @ http://localhost:3000/_next/static/chunks/0p_r_next_dist_0eytyef._.js:2477
[23407887ms] [LOG] [Fast Refresh] done in 224ms @ http://localhost:3000/_next/static/chunks/0p_r_next_dist_0eytyef._.js:2477
[23410473ms] [LOG] [Fast Refresh] rebuilding @ http://localhost:3000/_next/static/chunks/0p_r_next_dist_0eytyef._.js:2477
[23410593ms] [LOG] [Fast Refresh] done in 246ms @ http://localhost:3000/_next/static/chunks/0p_r_next_dist_0eytyef._.js:2477
[23411502ms] [LOG] [Fast Refresh] rebuilding @ http://localhost:3000/_next/static/chunks/0p_r_next_dist_0eytyef._.js:2477
[23411604ms] [LOG] [Fast Refresh] done in 232ms @ http://localhost:3000/_next/static/chunks/0p_r_next_dist_0eytyef._.js:2477
[23412492ms] [LOG] [Fast Refresh] rebuilding @ http://localhost:3000/_next/static/chunks/0p_r_next_dist_0eytyef._.js:2477
[23412543ms] [LOG] [Fast Refresh] done in 183ms @ http://localhost:3000/_next/static/chunks/0p_r_next_dist_0eytyef._.js:2477
[23413479ms] [LOG] [Fast Refresh] rebuilding @ http://localhost:3000/_next/static/chunks/0p_r_next_dist_0eytyef._.js:2477
[23413609ms] [LOG] [Fast Refresh] done in 249ms @ http://localhost:3000/_next/static/chunks/0p_r_next_dist_0eytyef._.js:2477
[23417557ms] [LOG] [Fast Refresh] rebuilding @ http://localhost:3000/_next/static/chunks/0p_r_next_dist_0eytyef._.js:2477
[23417557ms] [LOG] [Fast Refresh] done in 216ms @ http://localhost:3000/_next/static/chunks/0p_r_next_dist_0eytyef._.js:2477
[23419564ms] [LOG] [Fast Refresh] rebuilding @ http://localhost:3000/_next/static/chunks/0p_r_next_dist_0eytyef._.js:2477
[23419694ms] [LOG] [Fast Refresh] done in 252ms @ http://localhost:3000/_next/static/chunks/0p_r_next_dist_0eytyef._.js:2477
[23420013ms] [LOG] [Fast Refresh] rebuilding @ http://localhost:3000/_next/static/chunks/0p_r_next_dist_0eytyef._.js:2477
[23420116ms] [LOG] [Fast Refresh] done in 322ms @ http://localhost:3000/_next/static/chunks/0p_r_next_dist_0eytyef._.js:2477
[23425342ms] [LOG] [Fast Refresh] rebuilding @ http://localhost:3000/_next/static/chunks/0p_r_next_dist_0eytyef._.js:2477
[23425443ms] [LOG] [Fast Refresh] done in 214ms @ http://localhost:3000/_next/static/chunks/0p_r_next_dist_0eytyef._.js:2477
[23425640ms] [LOG] [Fast Refresh] rebuilding @ http://localhost:3000/_next/static/chunks/0p_r_next_dist_0eytyef._.js:2477
[23425751ms] [LOG] [Fast Refresh] done in 233ms @ http://localhost:3000/_next/static/chunks/0p_r_next_dist_0eytyef._.js:2477
[23428863ms] [LOG] [Fast Refresh] rebuilding @ http://localhost:3000/_next/static/chunks/0p_r_next_dist_0eytyef._.js:2477
[23428863ms] [LOG] [Fast Refresh] done in 197ms @ http://localhost:3000/_next/static/chunks/0p_r_next_dist_0eytyef._.js:2477
[23429213ms] [LOG] [Fast Refresh] rebuilding @ http://localhost:3000/_next/static/chunks/0p_r_next_dist_0eytyef._.js:2477
[23429292ms] [LOG] [Fast Refresh] done in 215ms @ http://localhost:3000/_next/static/chunks/0p_r_next_dist_0eytyef._.js:2477
[23429407ms] [LOG] [Fast Refresh] rebuilding @ http://localhost:3000/_next/static/chunks/0p_r_next_dist_0eytyef._.js:2477
[23429550ms] [LOG] [Fast Refresh] done in 258ms @ http://localhost:3000/_next/static/chunks/0p_r_next_dist_0eytyef._.js:2477
[23431465ms] [LOG] [Fast Refresh] rebuilding @ http://localhost:3000/_next/static/chunks/0p_r_next_dist_0eytyef._.js:2477
[23431544ms] [LOG] [Fast Refresh] done in 195ms @ http://localhost:3000/_next/static/chunks/0p_r_next_dist_0eytyef._.js:2477
[23431762ms] [LOG] [Fast Refresh] rebuilding @ http://localhost:3000/_next/static/chunks/0p_r_next_dist_0eytyef._.js:2477
[23431897ms] [LOG] [Fast Refresh] done in 292ms @ http://localhost:3000/_next/static/chunks/0p_r_next_dist_0eytyef._.js:2477
[23437656ms] [LOG] [Fast Refresh] rebuilding @ http://localhost:3000/_next/static/chunks/0p_r_next_dist_0eytyef._.js:2477
[23437758ms] [LOG] [Fast Refresh] done in 315ms @ http://localhost:3000/_next/static/chunks/0p_r_next_dist_0eytyef._.js:2477
[23438524ms] [LOG] [Fast Refresh] rebuilding @ http://localhost:3000/_next/static/chunks/0p_r_next_dist_0eytyef._.js:2477
[23438664ms] [LOG] [Fast Refresh] done in 269ms @ http://localhost:3000/_next/static/chunks/0p_r_next_dist_0eytyef._.js:2477
[23441293ms] [LOG] [Fast Refresh] rebuilding @ http://localhost:3000/_next/static/chunks/0p_r_next_dist_0eytyef._.js:2477
[23441416ms] [LOG] [Fast Refresh] done in 260ms @ http://localhost:3000/_next/static/chunks/0p_r_next_dist_0eytyef._.js:2477
[23443456ms] [LOG] [Fast Refresh] rebuilding @ http://localhost:3000/_next/static/chunks/0p_r_next_dist_0eytyef._.js:2477
[23443457ms] [LOG] [Fast Refresh] done in 182ms @ http://localhost:3000/_next/static/chunks/0p_r_next_dist_0eytyef._.js:2477
[23443933ms] [LOG] [Fast Refresh] rebuilding @ http://localhost:3000/_next/static/chunks/0p_r_next_dist_0eytyef._.js:2477
[23443994ms] [LOG] [Fast Refresh] done in 194ms @ http://localhost:3000/_next/static/chunks/0p_r_next_dist_0eytyef._.js:2477
[23445989ms] [LOG] [Fast Refresh] rebuilding @ http://localhost:3000/_next/static/chunks/0p_r_next_dist_0eytyef._.js:2477
[23445990ms] [LOG] [Fast Refresh] done in 228ms @ http://localhost:3000/_next/static/chunks/0p_r_next_dist_0eytyef._.js:2477
[23446431ms] [LOG] [Fast Refresh] rebuilding @ http://localhost:3000/_next/static/chunks/0p_r_next_dist_0eytyef._.js:2477
[23446573ms] [LOG] [Fast Refresh] done in 292ms @ http://localhost:3000/_next/static/chunks/0p_r_next_dist_0eytyef._.js:2477
[23448619ms] [LOG] [Fast Refresh] rebuilding @ http://localhost:3000/_next/static/chunks/0p_r_next_dist_0eytyef._.js:2477
[23448718ms] [LOG] [Fast Refresh] done in 215ms @ http://localhost:3000/_next/static/chunks/0p_r_next_dist_0eytyef._.js:2477
[23448926ms] [LOG] [Fast Refresh] rebuilding @ http://localhost:3000/_next/static/chunks/0p_r_next_dist_0eytyef._.js:2477
[23449218ms] [LOG] [Fast Refresh] done in 397ms @ http://localhost:3000/_next/static/chunks/0p_r_next_dist_0eytyef._.js:2477
[23453528ms] [LOG] [Fast Refresh] rebuilding @ http://localhost:3000/_next/static/chunks/0p_r_next_dist_0eytyef._.js:2477
[23453618ms] [LOG] [Fast Refresh] done in 199ms @ http://localhost:3000/_next/static/chunks/0p_r_next_dist_0eytyef._.js:2477
[23456094ms] [LOG] [Fast Refresh] rebuilding @ http://localhost:3000/_next/static/chunks/0p_r_next_dist_0eytyef._.js:2477
[23456094ms] [LOG] [Fast Refresh] done in 259ms @ http://localhost:3000/_next/static/chunks/0p_r_next_dist_0eytyef._.js:2477
[23458336ms] [LOG] [Fast Refresh] rebuilding @ http://localhost:3000/_next/static/chunks/0p_r_next_dist_0eytyef._.js:2477
[23458479ms] [LOG] [Fast Refresh] done in 255ms @ http://localhost:3000/_next/static/chunks/0p_r_next_dist_0eytyef._.js:2477
[23458850ms] [LOG] [Fast Refresh] rebuilding @ http://localhost:3000/_next/static/chunks/0p_r_next_dist_0eytyef._.js:2477
[23458851ms] [LOG] [Fast Refresh] done in 230ms @ http://localhost:3000/_next/static/chunks/0p_r_next_dist_0eytyef._.js:2477
[23459175ms] [LOG] [Fast Refresh] rebuilding @ http://localhost:3000/_next/static/chunks/0p_r_next_dist_0eytyef._.js:2477
[23459274ms] [LOG] [Fast Refresh] done in 208ms @ http://localhost:3000/_next/static/chunks/0p_r_next_dist_0eytyef._.js:2477
[23462907ms] [LOG] [Fast Refresh] rebuilding @ http://localhost:3000/_next/static/chunks/0p_r_next_dist_0eytyef._.js:2477
[23463007ms] [LOG] [Fast Refresh] done in 209ms @ http://localhost:3000/_next/static/chunks/0p_r_next_dist_0eytyef._.js:2477
[23465093ms] [LOG] [Fast Refresh] rebuilding @ http://localhost:3000/_next/static/chunks/0p_r_next_dist_0eytyef._.js:2477
[23465215ms] [LOG] [Fast Refresh] done in 250ms @ http://localhost:3000/_next/static/chunks/0p_r_next_dist_0eytyef._.js:2477
[23465664ms] [LOG] [Fast Refresh] rebuilding @ http://localhost:3000/_next/static/chunks/0p_r_next_dist_0eytyef._.js:2477
[23465772ms] [LOG] [Fast Refresh] done in 227ms @ http://localhost:3000/_next/static/chunks/0p_r_next_dist_0eytyef._.js:2477
[23472038ms] [LOG] [Fast Refresh] rebuilding @ http://localhost:3000/_next/static/chunks/0p_r_next_dist_0eytyef._.js:2477
[23472118ms] [LOG] [Fast Refresh] done in 208ms @ http://localhost:3000/_next/static/chunks/0p_r_next_dist_0eytyef._.js:2477
[23475952ms] [LOG] [Fast Refresh] rebuilding @ http://localhost:3000/_next/static/chunks/0p_r_next_dist_0eytyef._.js:2477
[23476169ms] [LOG] [Fast Refresh] done in 328ms @ http://localhost:3000/_next/static/chunks/0p_r_next_dist_0eytyef._.js:2477
[23477541ms] [LOG] [Fast Refresh] rebuilding @ http://localhost:3000/_next/static/chunks/0p_r_next_dist_0eytyef._.js:2477
[23477658ms] [LOG] [Fast Refresh] done in 302ms @ http://localhost:3000/_next/static/chunks/0p_r_next_dist_0eytyef._.js:2477
[23480803ms] [LOG] [Fast Refresh] rebuilding @ http://localhost:3000/_next/static/chunks/0p_r_next_dist_0eytyef._.js:2477
[23480928ms] [LOG] [Fast Refresh] done in 256ms @ http://localhost:3000/_next/static/chunks/0p_r_next_dist_0eytyef._.js:2477
[23481807ms] [LOG] [Fast Refresh] rebuilding @ http://localhost:3000/_next/static/chunks/0p_r_next_dist_0eytyef._.js:2477
[23481897ms] [LOG] [Fast Refresh] done in 227ms @ http://localhost:3000/_next/static/chunks/0p_r_next_dist_0eytyef._.js:2477
[23482814ms] [LOG] [Fast Refresh] rebuilding @ http://localhost:3000/_next/static/chunks/0p_r_next_dist_0eytyef._.js:2477
[23482915ms] [LOG] [Fast Refresh] done in 215ms @ http://localhost:3000/_next/static/chunks/0p_r_next_dist_0eytyef._.js:2477
[23484062ms] [LOG] [Fast Refresh] rebuilding @ http://localhost:3000/_next/static/chunks/0p_r_next_dist_0eytyef._.js:2477
[23484165ms] [LOG] [Fast Refresh] done in 232ms @ http://localhost:3000/_next/static/chunks/0p_r_next_dist_0eytyef._.js:2477
[23484368ms] [LOG] [Fast Refresh] rebuilding @ http://localhost:3000/_next/static/chunks/0p_r_next_dist_0eytyef._.js:2477
[23484468ms] [LOG] [Fast Refresh] done in 203ms @ http://localhost:3000/_next/static/chunks/0p_r_next_dist_0eytyef._.js:2477
[23484933ms] [LOG] [Fast Refresh] rebuilding @ http://localhost:3000/_next/static/chunks/0p_r_next_dist_0eytyef._.js:2477
[23485130ms] [LOG] [Fast Refresh] done in 305ms @ http://localhost:3000/_next/static/chunks/0p_r_next_dist_0eytyef._.js:2477
[23486291ms] [LOG] [Fast Refresh] rebuilding @ http://localhost:3000/_next/static/chunks/0p_r_next_dist_0eytyef._.js:2477
[23486387ms] [LOG] [Fast Refresh] done in 203ms @ http://localhost:3000/_next/static/chunks/0p_r_next_dist_0eytyef._.js:2477
[23487756ms] [LOG] [Fast Refresh] rebuilding @ http://localhost:3000/_next/static/chunks/0p_r_next_dist_0eytyef._.js:2477
[23487835ms] [LOG] [Fast Refresh] done in 187ms @ http://localhost:3000/_next/static/chunks/0p_r_next_dist_0eytyef._.js:2477
[23491108ms] [LOG] [Fast Refresh] rebuilding @ http://localhost:3000/_next/static/chunks/0p_r_next_dist_0eytyef._.js:2477
[23491325ms] [LOG] [Fast Refresh] done in 342ms @ http://localhost:3000/_next/static/chunks/0p_r_next_dist_0eytyef._.js:2477
[23491633ms] [LOG] [Fast Refresh] rebuilding @ http://localhost:3000/_next/static/chunks/0p_r_next_dist_0eytyef._.js:2477
[23491760ms] [LOG] [Fast Refresh] done in 322ms @ http://localhost:3000/_next/static/chunks/0p_r_next_dist_0eytyef._.js:2477
[23493729ms] [LOG] [Fast Refresh] rebuilding @ http://localhost:3000/_next/static/chunks/0p_r_next_dist_0eytyef._.js:2477
[23493729ms] [LOG] [Fast Refresh] done in 245ms @ http://localhost:3000/_next/static/chunks/0p_r_next_dist_0eytyef._.js:2477
[23494120ms] [LOG] [Fast Refresh] rebuilding @ http://localhost:3000/_next/static/chunks/0p_r_next_dist_0eytyef._.js:2477
[23494120ms] [LOG] [Fast Refresh] done in 194ms @ http://localhost:3000/_next/static/chunks/0p_r_next_dist_0eytyef._.js:2477
[23494363ms] [LOG] [Fast Refresh] rebuilding @ http://localhost:3000/_next/static/chunks/0p_r_next_dist_0eytyef._.js:2477
[23494579ms] [LOG] [Fast Refresh] done in 356ms @ http://localhost:3000/_next/static/chunks/0p_r_next_dist_0eytyef._.js:2477
[23497214ms] [LOG] [Fast Refresh] rebuilding @ http://localhost:3000/_next/static/chunks/0p_r_next_dist_0eytyef._.js:2477
[23497682ms] [LOG] [Fast Refresh] done in 572ms @ http://localhost:3000/_next/static/chunks/0p_r_next_dist_0eytyef._.js:2477
[23498531ms] [LOG] [Fast Refresh] rebuilding @ http://localhost:3000/_next/static/chunks/0p_r_next_dist_0eytyef._.js:2477
[23498625ms] [LOG] [Fast Refresh] done in 211ms @ http://localhost:3000/_next/static/chunks/0p_r_next_dist_0eytyef._.js:2477
[23498959ms] [LOG] [Fast Refresh] rebuilding @ http://localhost:3000/_next/static/chunks/0p_r_next_dist_0eytyef._.js:2477
[23498960ms] [LOG] [Fast Refresh] done in 234ms @ http://localhost:3000/_next/static/chunks/0p_r_next_dist_0eytyef._.js:2477
[23503663ms] [LOG] [Fast Refresh] rebuilding @ http://localhost:3000/_next/static/chunks/0p_r_next_dist_0eytyef._.js:2477
[23503762ms] [LOG] [Fast Refresh] done in 232ms @ http://localhost:3000/_next/static/chunks/0p_r_next_dist_0eytyef._.js:2477
[23507220ms] [LOG] [Fast Refresh] rebuilding @ http://localhost:3000/_next/static/chunks/0p_r_next_dist_0eytyef._.js:2477
[23507280ms] [LOG] [Fast Refresh] done in 193ms @ http://localhost:3000/_next/static/chunks/0p_r_next_dist_0eytyef._.js:2477
[23511755ms] [LOG] [Fast Refresh] rebuilding @ http://localhost:3000/_next/static/chunks/0p_r_next_dist_0eytyef._.js:2477
[23511939ms] [LOG] [Fast Refresh] done in 290ms @ http://localhost:3000/_next/static/chunks/0p_r_next_dist_0eytyef._.js:2477
[23514175ms] [LOG] [Fast Refresh] rebuilding @ http://localhost:3000/_next/static/chunks/0p_r_next_dist_0eytyef._.js:2477
[23514176ms] [LOG] [Fast Refresh] done in 236ms @ http://localhost:3000/_next/static/chunks/0p_r_next_dist_0eytyef._.js:2477
[23516454ms] [LOG] [Fast Refresh] rebuilding @ http://localhost:3000/_next/static/chunks/0p_r_next_dist_0eytyef._.js:2477
[23516630ms] [LOG] [Fast Refresh] done in 284ms @ http://localhost:3000/_next/static/chunks/0p_r_next_dist_0eytyef._.js:2477
[23521857ms] [LOG] [Fast Refresh] rebuilding @ http://localhost:3000/_next/static/chunks/0p_r_next_dist_0eytyef._.js:2477
[23521924ms] [LOG] [Fast Refresh] done in 228ms @ http://localhost:3000/_next/static/chunks/0p_r_next_dist_0eytyef._.js:2477
[23524220ms] [LOG] [Fast Refresh] rebuilding @ http://localhost:3000/_next/static/chunks/0p_r_next_dist_0eytyef._.js:2477
[23524220ms] [LOG] [Fast Refresh] done in 206ms @ http://localhost:3000/_next/static/chunks/0p_r_next_dist_0eytyef._.js:2477
[23524633ms] [LOG] [Fast Refresh] rebuilding @ http://localhost:3000/_next/static/chunks/0p_r_next_dist_0eytyef._.js:2477
[23524633ms] [LOG] [Fast Refresh] done in 222ms @ http://localhost:3000/_next/static/chunks/0p_r_next_dist_0eytyef._.js:2477
[23524839ms] [LOG] [Fast Refresh] rebuilding @ http://localhost:3000/_next/static/chunks/0p_r_next_dist_0eytyef._.js:2477
[23524908ms] [LOG] [Fast Refresh] done in 213ms @ http://localhost:3000/_next/static/chunks/0p_r_next_dist_0eytyef._.js:2477
[23528707ms] [LOG] [Fast Refresh] rebuilding @ http://localhost:3000/_next/static/chunks/0p_r_next_dist_0eytyef._.js:2477
[23528783ms] [LOG] [Fast Refresh] done in 185ms @ http://localhost:3000/_next/static/chunks/0p_r_next_dist_0eytyef._.js:2477
[23528999ms] [LOG] [Fast Refresh] rebuilding @ http://localhost:3000/_next/static/chunks/0p_r_next_dist_0eytyef._.js:2477
[23529146ms] [LOG] [Fast Refresh] done in 298ms @ http://localhost:3000/_next/static/chunks/0p_r_next_dist_0eytyef._.js:2477
[23530875ms] [LOG] [Fast Refresh] rebuilding @ http://localhost:3000/_next/static/chunks/0p_r_next_dist_0eytyef._.js:2477
[23531005ms] [LOG] [Fast Refresh] done in 254ms @ http://localhost:3000/_next/static/chunks/0p_r_next_dist_0eytyef._.js:2477
[23531929ms] [LOG] [Fast Refresh] rebuilding @ http://localhost:3000/_next/static/chunks/0p_r_next_dist_0eytyef._.js:2477
[23531929ms] [LOG] [Fast Refresh] done in 198ms @ http://localhost:3000/_next/static/chunks/0p_r_next_dist_0eytyef._.js:2477
[23533919ms] [LOG] [Fast Refresh] rebuilding @ http://localhost:3000/_next/static/chunks/0p_r_next_dist_0eytyef._.js:2477
[23534013ms] [LOG] [Fast Refresh] done in 200ms @ http://localhost:3000/_next/static/chunks/0p_r_next_dist_0eytyef._.js:2477
[23534245ms] [LOG] [Fast Refresh] rebuilding @ http://localhost:3000/_next/static/chunks/0p_r_next_dist_0eytyef._.js:2477
[23534382ms] [LOG] [Fast Refresh] done in 280ms @ http://localhost:3000/_next/static/chunks/0p_r_next_dist_0eytyef._.js:2477
[23536703ms] [LOG] [Fast Refresh] rebuilding @ http://localhost:3000/_next/static/chunks/0p_r_next_dist_0eytyef._.js:2477
[23536885ms] [LOG] [Fast Refresh] done in 287ms @ http://localhost:3000/_next/static/chunks/0p_r_next_dist_0eytyef._.js:2477
[23537428ms] [LOG] [Fast Refresh] rebuilding @ http://localhost:3000/_next/static/chunks/0p_r_next_dist_0eytyef._.js:2477
[23537519ms] [LOG] [Fast Refresh] done in 222ms @ http://localhost:3000/_next/static/chunks/0p_r_next_dist_0eytyef._.js:2477
[23539726ms] [LOG] [Fast Refresh] rebuilding @ http://localhost:3000/_next/static/chunks/0p_r_next_dist_0eytyef._.js:2477
[23539842ms] [LOG] [Fast Refresh] done in 241ms @ http://localhost:3000/_next/static/chunks/0p_r_next_dist_0eytyef._.js:2477
[23542377ms] [LOG] [Fast Refresh] rebuilding @ http://localhost:3000/_next/static/chunks/0p_r_next_dist_0eytyef._.js:2477
[23542378ms] [LOG] [Fast Refresh] done in 185ms @ http://localhost:3000/_next/static/chunks/0p_r_next_dist_0eytyef._.js:2477
[23543545ms] [LOG] [Fast Refresh] rebuilding @ http://localhost:3000/_next/static/chunks/0p_r_next_dist_0eytyef._.js:2477
[23543647ms] [LOG] [Fast Refresh] done in 361ms @ http://localhost:3000/_next/static/chunks/0p_r_next_dist_0eytyef._.js:2477
[23544447ms] [LOG] [Fast Refresh] rebuilding @ http://localhost:3000/_next/static/chunks/0p_r_next_dist_0eytyef._.js:2477
[23544581ms] [LOG] [Fast Refresh] done in 262ms @ http://localhost:3000/_next/static/chunks/0p_r_next_dist_0eytyef._.js:2477
[23546451ms] [LOG] [Fast Refresh] rebuilding @ http://localhost:3000/_next/static/chunks/0p_r_next_dist_0eytyef._.js:2477
[23546530ms] [LOG] [Fast Refresh] done in 248ms @ http://localhost:3000/_next/static/chunks/0p_r_next_dist_0eytyef._.js:2477
[23865841ms] [LOG] [Fast Refresh] rebuilding @ http://localhost:3000/_next/static/chunks/0p_r_next_dist_0eytyef._.js:2477
[23866444ms] [LOG] [Fast Refresh] done in 732ms @ http://localhost:3000/_next/static/chunks/0p_r_next_dist_0eytyef._.js:2477
[23869739ms] [LOG] [Fast Refresh] rebuilding @ http://localhost:3000/_next/static/chunks/0p_r_next_dist_0eytyef._.js:2477
[23869770ms] [LOG] [Fast Refresh] done in 142ms @ http://localhost:3000/_next/static/chunks/0p_r_next_dist_0eytyef._.js:2477
[23873426ms] [LOG] [Fast Refresh] rebuilding @ http://localhost:3000/_next/static/chunks/0p_r_next_dist_0eytyef._.js:2477
[23873480ms] [LOG] [Fast Refresh] done in 169ms @ http://localhost:3000/_next/static/chunks/0p_r_next_dist_0eytyef._.js:2477
[23891880ms] [LOG] [Fast Refresh] rebuilding @ http://localhost:3000/_next/static/chunks/0p_r_next_dist_0eytyef._.js:2477
[23892176ms] [LOG] [Fast Refresh] done in 404ms @ http://localhost:3000/_next/static/chunks/0p_r_next_dist_0eytyef._.js:2477
[23892282ms] [LOG] [Fast Refresh] rebuilding @ http://localhost:3000/_next/static/chunks/0p_r_next_dist_0eytyef._.js:2477
[23892298ms] [LOG] [Fast Refresh] done in 122ms @ http://localhost:3000/_next/static/chunks/0p_r_next_dist_0eytyef._.js:2477
[23912363ms] [LOG] [Fast Refresh] rebuilding @ http://localhost:3000/_next/static/chunks/0p_r_next_dist_0eytyef._.js:2477
[23912379ms] [LOG] [Fast Refresh] done in 119ms @ http://localhost:3000/_next/static/chunks/0p_r_next_dist_0eytyef._.js:2477
[23912646ms] [LOG] [Fast Refresh] rebuilding @ http://localhost:3000/_next/static/chunks/0p_r_next_dist_0eytyef._.js:2477
[23912663ms] [LOG] [Fast Refresh] done in 121ms @ http://localhost:3000/_next/static/chunks/0p_r_next_dist_0eytyef._.js:2477
[24016069ms] [ERROR] WebSocket connection to 'ws://localhost:3000/_next/webpack-hmr?id=XaMit9TztR-Bk-o0ckbsy' failed: Error in connection establishment: net::ERR_CONNECTION_REFUSED @ http://localhost:3000/_next/static/chunks/0p_r_next_dist_client_0rhgqjh._.js:13322
[24019439ms] [ERROR] WebSocket connection to 'ws://localhost:3000/_next/webpack-hmr?id=XaMit9TztR-Bk-o0ckbsy' failed: Error in connection establishment: net::ERR_CONNECTION_REFUSED @ http://localhost:3000/_next/static/chunks/0p_r_next_dist_client_0rhgqjh._.js:13322
[24022803ms] [ERROR] WebSocket connection to 'ws://localhost:3000/_next/webpack-hmr?id=XaMit9TztR-Bk-o0ckbsy' failed: Error in connection establishment: net::ERR_CONNECTION_REFUSED @ http://localhost:3000/_next/static/chunks/0p_r_next_dist_client_0rhgqjh._.js:13322
[24026181ms] [ERROR] WebSocket connection to 'ws://localhost:3000/_next/webpack-hmr?id=XaMit9TztR-Bk-o0ckbsy' failed: Error in connection establishment: net::ERR_CONNECTION_REFUSED @ http://localhost:3000/_next/static/chunks/0p_r_next_dist_client_0rhgqjh._.js:13322
[24029543ms] [ERROR] WebSocket connection to 'ws://localhost:3000/_next/webpack-hmr?id=XaMit9TztR-Bk-o0ckbsy' failed: Error in connection establishment: net::ERR_CONNECTION_REFUSED @ http://localhost:3000/_next/static/chunks/0p_r_next_dist_client_0rhgqjh._.js:13322
[24036896ms] [ERROR] WebSocket connection to 'ws://localhost:3000/_next/webpack-hmr?id=XaMit9TztR-Bk-o0ckbsy' failed: Error in connection establishment: net::ERR_CONNECTION_REFUSED @ http://localhost:3000/_next/static/chunks/0p_r_next_dist_client_0rhgqjh._.js:13322
[24044269ms] [ERROR] WebSocket connection to 'ws://localhost:3000/_next/webpack-hmr?id=XaMit9TztR-Bk-o0ckbsy' failed: Error in connection establishment: net::ERR_CONNECTION_REFUSED @ http://localhost:3000/_next/static/chunks/0p_r_next_dist_client_0rhgqjh._.js:13322
[24051640ms] [ERROR] WebSocket connection to 'ws://localhost:3000/_next/webpack-hmr?id=XaMit9TztR-Bk-o0ckbsy' failed: Error in connection establishment: net::ERR_CONNECTION_REFUSED @ http://localhost:3000/_next/static/chunks/0p_r_next_dist_client_0rhgqjh._.js:13322
[24059015ms] [ERROR] WebSocket connection to 'ws://localhost:3000/_next/webpack-hmr?id=XaMit9TztR-Bk-o0ckbsy' failed: Error in connection establishment: net::ERR_CONNECTION_REFUSED @ http://localhost:3000/_next/static/chunks/0p_r_next_dist_client_0rhgqjh._.js:13322
[24066391ms] [ERROR] WebSocket connection to 'ws://localhost:3000/_next/webpack-hmr?id=XaMit9TztR-Bk-o0ckbsy' failed: Error in connection establishment: net::ERR_CONNECTION_REFUSED @ http://localhost:3000/_next/static/chunks/0p_r_next_dist_client_0rhgqjh._.js:13322
[24073742ms] [ERROR] WebSocket connection to 'ws://localhost:3000/_next/webpack-hmr?id=XaMit9TztR-Bk-o0ckbsy' failed: Error in connection establishment: net::ERR_CONNECTION_REFUSED @ http://localhost:3000/_next/static/chunks/0p_r_next_dist_client_0rhgqjh._.js:13322
[24081273ms] [ERROR] WebSocket connection to 'ws://localhost:3000/_next/webpack-hmr?id=XaMit9TztR-Bk-o0ckbsy' failed: Error in connection establishment: net::ERR_CONNECTION_REFUSED @ http://localhost:3000/_next/static/chunks/0p_r_next_dist_client_0rhgqjh._.js:13322
